Log file open, 02/07/23 17:18:23
LogWindows: Failed to load 'aqProf.dll' (GetLastError=126)
LogWindows: File 'aqProf.dll' does not exist
LogWindows: Failed to load 'VtuneApi.dll' (GetLastError=126)
LogWindows: File 'VtuneApi.dll' does not exist
LogWindows: Failed to load 'VtuneApi32e.dll' (GetLastError=126)
LogWindows: File 'VtuneApi32e.dll' does not exist
LogConsoleResponse: Display: Failed to find resolution value strings in scalability ini. Falling back to default.
LogConsoleResponse: Display: Failed to find resolution value strings in scalability ini. Falling back to default.
LogInit: Display: Running engine for game: ChallengeProject
LogPlatformFile: Not using cached read wrapper
LogTaskGraph: Started task graph with 5 named threads and 47 total threads with 3 sets of task threads.
LogStats: Stats thread started at 0.077157
LogICUInternationalization: ICU TimeZone Detection - Raw Offset: +7:00, Platform Override: ''
LogInit: Display: Loading text-based GConfig....
LogPluginManager: Mounting plugin MeshPainting
LogPluginManager: Mounting plugin XGEController
LogPluginManager: Mounting plugin Paper2D
LogPluginManager: Mounting plugin LiveLink
LogPluginManager: Mounting plugin LightPropagationVolume
LogPluginManager: Mounting plugin AISupport
LogPluginManager: Mounting plugin EnvironmentQueryEditor
LogPluginManager: Mounting plugin GameplayCameras
LogPluginManager: Mounting plugin OodleData
LogPluginManager: Mounting plugin AssetManagerEditor
LogPluginManager: Mounting plugin CameraShakePreviewer
LogPluginManager: Mounting plugin CurveEditorTools
LogPluginManager: Mounting plugin DataValidation
LogPluginManager: Mounting plugin OodleNetwork
LogPluginManager: Mounting plugin FacialAnimation
LogPluginManager: Mounting plugin CryptoKeys
LogPluginManager: Mounting plugin MacGraphicsSwitching
LogPluginManager: Mounting plugin MaterialAnalyzer
LogPluginManager: Mounting plugin GeometryMode
LogPluginManager: Mounting plugin GameplayTagsEditor
LogPluginManager: Mounting plugin MobileLauncherProfileWizard
LogPluginManager: Mounting plugin PluginBrowser
LogPluginManager: Mounting plugin AnimationSharing
LogPluginManager: Mounting plugin SpeedTreeImporter
LogPluginManager: Mounting plugin CLionSourceCodeAccess
LogPluginManager: Mounting plugin CodeLiteSourceCodeAccess
LogPluginManager: Mounting plugin KDevelopSourceCodeAccess
LogPluginManager: Mounting plugin NullSourceCodeAccess
LogPluginManager: Mounting plugin GitSourceControl
LogPluginManager: Mounting plugin PlasticSourceControl
LogPluginManager: Mounting plugin PluginUtils
LogPluginManager: Mounting plugin PerforceSourceControl
LogPluginManager: Mounting plugin PropertyAccessNode
LogPluginManager: Mounting plugin PixWinPlugin
LogPluginManager: Mounting plugin SubversionSourceControl
LogPluginManager: Mounting plugin TextureFormatOodle
LogPluginManager: Mounting plugin UObjectPlugin
LogPluginManager: Mounting plugin VisualStudioCodeSourceCodeAccess
LogPluginManager: Mounting plugin VisualStudioSourceCodeAccess
LogPluginManager: Mounting plugin RiderSourceCodeAccess
LogPluginManager: Mounting plugin XCodeSourceCodeAccess
LogPluginManager: Mounting plugin Niagara
LogPluginManager: Mounting plugin DatasmithContent
LogPluginManager: Mounting plugin VariantManagerContent
LogPluginManager: Mounting plugin AndroidMedia
LogPluginManager: Mounting plugin AvfMedia
LogPluginManager: Mounting plugin MediaCompositing
LogPluginManager: Mounting plugin ImgMedia
LogPluginManager: Mounting plugin MediaPlayerEditor
LogPluginManager: Mounting plugin WebMMedia
LogPluginManager: Mounting plugin TcpMessaging
LogPluginManager: Mounting plugin LuminPlatformFeatures
LogPluginManager: Mounting plugin UdpMessaging
LogPluginManager: Mounting plugin WmfMedia
LogPluginManager: Mounting plugin MagicLeap
LogPluginManager: Mounting plugin MagicLeapLightEstimation
LogPluginManager: Mounting plugin MagicLeapMedia
LogPluginManager: Mounting plugin ActorSequence
LogPluginManager: Mounting plugin AlembicImporter
LogPluginManager: Mounting plugin MagicLeapPassableWorld
LogPluginManager: Mounting plugin AutomationUtils
LogPluginManager: Mounting plugin BackChannel
LogPluginManager: Mounting plugin MLSDK
LogPluginManager: Mounting plugin ChaosClothEditor
LogPluginManager: Mounting plugin ChaosEditor
LogPluginManager: Mounting plugin ChaosCloth
LogPluginManager: Mounting plugin ChaosNiagara
LogPluginManager: Mounting plugin LevelSequenceEditor
LogPluginManager: Mounting plugin MatineeToLevelSequence
LogPluginManager: Mounting plugin TemplateSequence
LogPluginManager: Mounting plugin CharacterAI
LogPluginManager: Mounting plugin ChaosSolverPlugin
LogPluginManager: Mounting plugin GeometryCache
LogPluginManager: Mounting plugin LauncherChunkInstaller
LogPluginManager: Mounting plugin GeometryCollectionPlugin
LogPluginManager: Mounting plugin GeometryProcessing
LogPluginManager: Mounting plugin OpenImageDenoise
LogPluginManager: Mounting plugin MotoSynth
LogPluginManager: Mounting plugin PlatformCrypto
LogPluginManager: Mounting plugin PlanarCut
LogPluginManager: Mounting plugin PythonScriptPlugin
LogPluginManager: Mounting plugin ProxyLODPlugin
LogPluginManager: Mounting plugin SkeletalReduction
LogPluginManager: Mounting plugin OnlineSubsystem
LogPluginManager: Mounting plugin ActorLayerUtilities
LogPluginManager: Mounting plugin AndroidMoviePlayer
LogPluginManager: Mounting plugin OnlineSubsystemNull
LogPluginManager: Mounting plugin AppleMoviePlayer
LogPluginManager: Mounting plugin AndroidDeviceProfileSelector
LogPluginManager: Mounting plugin AndroidPermission
LogPluginManager: Mounting plugin ArchVisCharacter
LogPluginManager: Mounting plugin AudioCapture
LogPluginManager: Mounting plugin AudioSynesthesia
LogPluginManager: Mounting plugin AssetTags
LogPluginManager: Mounting plugin OnlineSubsystemUtils
LogPluginManager: Mounting plugin CustomMeshComponent
LogPluginManager: Mounting plugin AppleImageUtils
LogPluginManager: Mounting plugin CableComponent
LogPluginManager: Mounting plugin ChunkDownloader
LogPluginManager: Mounting plugin ExampleDeviceProfileSelector
LogPluginManager: Mounting plugin GooglePAD
LogPluginManager: Mounting plugin GoogleCloudMessaging
LogPluginManager: Mounting plugin EditableMesh
LogPluginManager: Mounting plugin ScreenshotTools
LogPluginManager: Mounting plugin IOSDeviceProfileSelector
LogPluginManager: Mounting plugin LinuxDeviceProfileSelector
LogPluginManager: Mounting plugin LocationServicesBPLibrary
LogPluginManager: Mounting plugin MobilePatchingUtils
LogPluginManager: Mounting plugin OpenXR
LogPluginManager: Mounting plugin Takes
LogPluginManager: Mounting plugin OpenXREyeTracker
LogPluginManager: Mounting plugin OpenXRHandTracking
LogPluginManager: Mounting plugin PostSplashScreen
LogPluginManager: Mounting plugin PhysXVehicles
LogPluginManager: Mounting plugin ProceduralMeshComponent
LogPluginManager: Mounting plugin PropertyAccessEditor
LogPluginManager: Mounting plugin SignificanceManager
LogPluginManager: Mounting plugin SoundFields
LogPluginManager: Mounting plugin RuntimePhysXCooking
LogPluginManager: Mounting plugin Synthesis
LogPluginManager: Mounting plugin WebMMoviePlayer
LogPluginManager: Mounting plugin WindowsMoviePlayer
LogPluginManager: Mounting plugin ContentBrowserClassDataSource
LogPluginManager: Mounting plugin ContentBrowserFileDataSource
LogPluginManager: Mounting plugin ContentBrowserAssetDataSource
LogPluginManager: Mounting plugin OnlineSubsystemGooglePlay
LogPluginManager: Mounting plugin OnlineSubsystemIOS
LogPluginManager: Mounting plugin OculusVR
LogPluginManager: Mounting plugin SteamVR
PixWinPlugin: PIX capture plugin failed to initialize! Check that the process is launched from PIX.
LogInit: Using libcurl 7.55.1-DEV
LogInit:  - built for x86_64-pc-win32
LogInit:  - supports SSL with OpenSSL/1.1.1
LogInit:  - supports HTTP deflate (compression) using libz 1.2.8
LogInit:  - other features:
LogInit:      CURL_VERSION_SSL
LogInit:      CURL_VERSION_LIBZ
LogInit:      CURL_VERSION_IPV6
LogInit:      CURL_VERSION_ASYNCHDNS
LogInit:      CURL_VERSION_LARGEFILE
LogInit:      CURL_VERSION_IDN
LogInit:  CurlRequestOptions (configurable via config and command line):
LogInit:  - bVerifyPeer = true  - Libcurl will verify peer certificate
LogInit:  - bUseHttpProxy = false  - Libcurl will NOT use HTTP proxy
LogInit:  - bDontReuseConnections = false  - Libcurl will reuse connections
LogInit:  - MaxHostConnections = 16  - Libcurl will limit the number of connections to a host
LogInit:  - LocalHostAddr = Default
LogInit:  - BufferSize = 65536
LogOnline: OSS: Creating online subsystem instance for: NULL
LogInit: WinSock: version 1.1 (2.2), MaxSocks=32767, MaxUdp=65467
LogOnline: OSS: TryLoadSubsystemAndSetDefault: Loaded subsystem for module [NULL]
LogInit: Build: ++UE4+Release-4.27-CL-0
LogInit: Engine Version: 4.27.2-0+++UE4+Release-4.27
LogInit: Compatible Engine Version: 4.27.0-0+++UE4+Release-4.27
LogInit: Net CL: 0
LogInit: OS: Windows 10 (Release 2009) (), CPU: AMD Ryzen 7 7700 8-Core Processor              , GPU: NVIDIA GeForce RTX 3060 Ti
LogInit: Compiled (64-bit): Feb  7 2023 09:08:07
LogInit: Compiled with Visual C++: 19.34.31937.00
LogInit: Build Configuration: Development
LogInit: Branch Name: ++UE4+Release-4.27
LogInit: Command Line:  "C:\Unreal Project\ChallengeProject\ChallengeProject.uproject" -run=VisualStudioTools -unattended -noshadercompile -noaudio -nullrhi -nocpuprofilertrace -nocrashreports -nosplash -output C:\Users\Admn\AppData\Local\Temp\tmp55BF.tmp
LogInit: Base Directory: C:/UnrealEngine-4.27.2/Engine/Binaries/Win64/
LogInit: Allocator: TBB
LogInit: Installed Engine Build: 0
LogDevObjectVersion: Number of dev versions registered: 29
LogDevObjectVersion:   Dev-Blueprints (B0D832E4-1F89-4F0D-ACCF-7EB736FD4AA2): 10
LogDevObjectVersion:   Dev-Build (E1C64328-A22C-4D53-A36C-8E866417BD8C): 0
LogDevObjectVersion:   Dev-Core (375EC13C-06E4-48FB-B500-84F0262A717E): 4
LogDevObjectVersion:   Dev-Editor (E4B068ED-F494-42E9-A231-DA0B2E46BB41): 40
LogDevObjectVersion:   Dev-Framework (CFFC743F-43B0-4480-9391-14DF171D2073): 37
LogDevObjectVersion:   Dev-Mobile (B02B49B5-BB20-44E9-A304-32B752E40360): 3
LogDevObjectVersion:   Dev-Networking (A4E4105C-59A1-49B5-A7C5-40C4547EDFEE): 0
LogDevObjectVersion:   Dev-Online (39C831C9-5AE6-47DC-9A44-9C173E1C8E7C): 0
LogDevObjectVersion:   Dev-Physics (78F01B33-EBEA-4F98-B9B4-84EACCB95AA2): 14
LogDevObjectVersion:   Dev-Platform (6631380F-2D4D-43E0-8009-CF276956A95A): 0
LogDevObjectVersion:   Dev-Rendering (12F88B9F-8875-4AFC-A67C-D90C383ABD29): 45
LogDevObjectVersion:   Dev-Sequencer (7B5AE74C-D270-4C10-A958-57980B212A5A): 13
LogDevObjectVersion:   Dev-VR (D7296918-1DD6-4BDD-9DE2-64A83CC13884): 3
LogDevObjectVersion:   Dev-LoadTimes (C2A15278-BFE7-4AFE-6C17-90FF531DF755): 1
LogDevObjectVersion:   Private-Geometry (6EACA3D4-40EC-4CC1-B786-8BED09428FC5): 3
LogDevObjectVersion:   Dev-AnimPhys (29E575DD-E0A3-4627-9D10-D276232CDCEA): 17
LogDevObjectVersion:   Dev-Anim (AF43A65D-7FD3-4947-9873-3E8ED9C1BB05): 15
LogDevObjectVersion:   Dev-ReflectionCapture (6B266CEC-1EC7-4B8F-A30B-E4D90942FC07): 1
LogDevObjectVersion:   Dev-Automation (0DF73D61-A23F-47EA-B727-89E90C41499A): 1
LogDevObjectVersion:   FortniteMain (601D1886-AC64-4F84-AA16-D3DE0DEAC7D6): 47
LogDevObjectVersion:   FortniteRelease (E7086368-6B23-4C58-8439-1B7016265E91): 1
LogDevObjectVersion:   Dev-Enterprise (9DFFBCD6-494F-0158-E221-12823C92A888): 10
LogDevObjectVersion:   Dev-Niagara (F2AED0AC-9AFE-416F-8664-AA7FFA26D6FC): 1
LogDevObjectVersion:   Dev-Destruction (174F1F0B-B4C6-45A5-B13F-2EE8D0FB917D): 10
LogDevObjectVersion:   Dev-Physics-Ext (35F94A83-E258-406C-A318-09F59610247C): 41
LogDevObjectVersion:   Dev-PhysicsMaterial-Chaos (B68FC16E-8B1B-42E2-B453-215C058844FE): 1
LogDevObjectVersion:   Dev-CineCamera (B2E18506-4273-CFC2-A54E-F4BB758BBA07): 1
LogDevObjectVersion:   Dev-VirtualProduction (64F58936-FD1B-42BA-BA96-7289D5D0FA4E): 1
LogDevObjectVersion:   Dev-MediaFramework (6F0ED827-A609-4895-9C91-998D90180EA4): 2
LogInit: Presizing for max 25165824 objects, including 0 objects not considered by GC, pre-allocating 0 bytes for permanent pool.
LogConfig: Applying CVar settings from Section [/Script/Engine.StreamingSettings] File [C:/Unreal Project/ChallengeProject/Saved/Config/Windows/Engine.ini]
LogConfig: Setting CVar [[s.MinBulkDataSizeForAsyncLoading:131072]]
LogConfig: Setting CVar [[s.AsyncLoadingThreadEnabled:0]]
LogConfig: Setting CVar [[s.EventDrivenLoaderEnabled:1]]
LogConfig: Setting CVar [[s.WarnIfTimeLimitExceeded:0]]
LogConfig: Setting CVar [[s.TimeLimitExceededMultiplier:1.5]]
LogConfig: Setting CVar [[s.TimeLimitExceededMinTime:0.005]]
LogConfig: Setting CVar [[s.UseBackgroundLevelStreaming:1]]
LogConfig: Setting CVar [[s.PriorityAsyncLoadingExtraTime:15.0]]
LogConfig: Setting CVar [[s.LevelStreamingActorsUpdateTimeLimit:5.0]]
LogConfig: Setting CVar [[s.PriorityLevelStreamingActorsUpdateExtraTime:5.0]]
LogConfig: Setting CVar [[s.LevelStreamingComponentsRegistrationGranularity:10]]
LogConfig: Setting CVar [[s.UnregisterComponentsTimeLimit:1.0]]
LogConfig: Setting CVar [[s.LevelStreamingComponentsUnregistrationGranularity:5]]
LogConfig: Setting CVar [[s.FlushStreamingOnExit:1]]
LogInit: Object subsystem initialized
LogConfig: Setting CVar [[con.DebugEarlyDefault:1]]
LogConfig: Setting CVar [[r.setres:1280x720]]
[2023.02.07-10.18.23:637][  0]LogConfig: Setting CVar [[con.DebugEarlyDefault:1]]
[2023.02.07-10.18.23:637][  0]LogConfig: Setting CVar [[r.setres:1280x720]]
[2023.02.07-10.18.23:637][  0]LogConfig: Applying CVar settings from Section [/Script/Engine.RendererSettings] File [C:/Unreal Project/ChallengeProject/Saved/Config/Windows/Engine.ini]
[2023.02.07-10.18.23:638][  0]LogConfig: Setting CVar [[r.GPUCrashDebugging:0]]
[2023.02.07-10.18.23:638][  0]LogConfig: Applying CVar settings from Section [/Script/Engine.RendererOverrideSettings] File [C:/Unreal Project/ChallengeProject/Saved/Config/Windows/Engine.ini]
[2023.02.07-10.18.23:638][  0]LogConfig: Applying CVar settings from Section [/Script/Engine.StreamingSettings] File [C:/Unreal Project/ChallengeProject/Saved/Config/Windows/Engine.ini]
[2023.02.07-10.18.23:638][  0]LogConfig: Setting CVar [[s.MinBulkDataSizeForAsyncLoading:131072]]
[2023.02.07-10.18.23:638][  0]LogConfig: Setting CVar [[s.AsyncLoadingThreadEnabled:0]]
[2023.02.07-10.18.23:638][  0]LogConfig: Setting CVar [[s.EventDrivenLoaderEnabled:1]]
[2023.02.07-10.18.23:638][  0]LogConfig: Setting CVar [[s.WarnIfTimeLimitExceeded:0]]
[2023.02.07-10.18.23:638][  0]LogConfig: Setting CVar [[s.TimeLimitExceededMultiplier:1.5]]
[2023.02.07-10.18.23:638][  0]LogConfig: Setting CVar [[s.TimeLimitExceededMinTime:0.005]]
[2023.02.07-10.18.23:638][  0]LogConfig: Setting CVar [[s.UseBackgroundLevelStreaming:1]]
[2023.02.07-10.18.23:638][  0]LogConfig: Setting CVar [[s.PriorityAsyncLoadingExtraTime:15.0]]
[2023.02.07-10.18.23:638][  0]LogConfig: Setting CVar [[s.LevelStreamingActorsUpdateTimeLimit:5.0]]
[2023.02.07-10.18.23:638][  0]LogConfig: Setting CVar [[s.PriorityLevelStreamingActorsUpdateExtraTime:5.0]]
[2023.02.07-10.18.23:638][  0]LogConfig: Setting CVar [[s.LevelStreamingComponentsRegistrationGranularity:10]]
[2023.02.07-10.18.23:638][  0]LogConfig: Setting CVar [[s.UnregisterComponentsTimeLimit:1.0]]
[2023.02.07-10.18.23:638][  0]LogConfig: Setting CVar [[s.LevelStreamingComponentsUnregistrationGranularity:5]]
[2023.02.07-10.18.23:638][  0]LogConfig: Setting CVar [[s.FlushStreamingOnExit:1]]
[2023.02.07-10.18.23:638][  0]LogConfig: Applying CVar settings from Section [/Script/Engine.GarbageCollectionSettings] File [C:/Unreal Project/ChallengeProject/Saved/Config/Windows/Engine.ini]
[2023.02.07-10.18.23:638][  0]LogConfig: Setting CVar [[gc.MaxObjectsNotConsideredByGC:1]]
[2023.02.07-10.18.23:638][  0]LogConfig: Setting CVar [[gc.SizeOfPermanentObjectPool:0]]
[2023.02.07-10.18.23:638][  0]LogConfig: Setting CVar [[gc.FlushStreamingOnGC:0]]
[2023.02.07-10.18.23:638][  0]LogConfig: Setting CVar [[gc.NumRetriesBeforeForcingGC:10]]
[2023.02.07-10.18.23:638][  0]LogConfig: Setting CVar [[gc.AllowParallelGC:1]]
[2023.02.07-10.18.23:638][  0]LogConfig: Setting CVar [[gc.TimeBetweenPurgingPendingKillObjects:61.1]]
[2023.02.07-10.18.23:638][  0]LogConfig: Setting CVar [[gc.MaxObjectsInEditor:25165824]]
[2023.02.07-10.18.23:638][  0]LogConfig: Setting CVar [[gc.IncrementalBeginDestroyEnabled:1]]
[2023.02.07-10.18.23:638][  0]LogConfig: Setting CVar [[gc.CreateGCClusters:1]]
[2023.02.07-10.18.23:638][  0]LogConfig: Setting CVar [[gc.MinGCClusterSize:5]]
[2023.02.07-10.18.23:638][  0]LogConfig: Setting CVar [[gc.ActorClusteringEnabled:0]]
[2023.02.07-10.18.23:638][  0]LogConfig: Setting CVar [[gc.BlueprintClusteringEnabled:0]]
[2023.02.07-10.18.23:638][  0]LogConfig: Setting CVar [[gc.UseDisregardForGCOnDedicatedServers:0]]
[2023.02.07-10.18.23:638][  0]LogConfig: Setting CVar [[gc.MultithreadedDestructionEnabled:1]]
[2023.02.07-10.18.23:638][  0]LogConfig: Applying CVar settings from Section [/Script/Engine.NetworkSettings] File [C:/Unreal Project/ChallengeProject/Saved/Config/Windows/Engine.ini]
[2023.02.07-10.18.23:638][  0]LogConfig: Applying CVar settings from Section [/Script/UnrealEd.CookerSettings] File [C:/Unreal Project/ChallengeProject/Saved/Config/Windows/Engine.ini]
[2023.02.07-10.18.23:638][  0]LogConfig: Applying CVar settings from Section [ViewDistanceQuality@3] File [C:/Unreal Project/ChallengeProject/Saved/Config/Windows/Scalability.ini]
[2023.02.07-10.18.23:638][  0]LogConfig: Setting CVar [[r.SkeletalMeshLODBias:0]]
[2023.02.07-10.18.23:638][  0]LogConfig: Setting CVar [[r.ViewDistanceScale:1.0]]
[2023.02.07-10.18.23:638][  0]LogConfig: Applying CVar settings from Section [AntiAliasingQuality@3] File [C:/Unreal Project/ChallengeProject/Saved/Config/Windows/Scalability.ini]
[2023.02.07-10.18.23:638][  0]LogConfig: Setting CVar [[r.PostProcessAAQuality:4]]
[2023.02.07-10.18.23:638][  0]LogConfig: Applying CVar settings from Section [ShadowQuality@3] File [C:/Unreal Project/ChallengeProject/Saved/Config/Windows/Scalability.ini]
[2023.02.07-10.18.23:638][  0]LogConfig: Setting CVar [[r.LightFunctionQuality:1]]
[2023.02.07-10.18.23:638][  0]LogConfig: Setting CVar [[r.ShadowQuality:5]]
[2023.02.07-10.18.23:638][  0]LogConfig: Setting CVar [[r.Shadow.CSM.MaxCascades:10]]
[2023.02.07-10.18.23:638][  0]LogConfig: Setting CVar [[r.Shadow.MaxResolution:2048]]
[2023.02.07-10.18.23:638][  0]LogConfig: Setting CVar [[r.Shadow.MaxCSMResolution:2048]]
[2023.02.07-10.18.23:638][  0]LogConfig: Setting CVar [[r.Shadow.RadiusThreshold:0.01]]
[2023.02.07-10.18.23:638][  0]LogConfig: Setting CVar [[r.Shadow.DistanceScale:1.0]]
[2023.02.07-10.18.23:638][  0]LogConfig: Setting CVar [[r.Shadow.CSM.TransitionScale:1.0]]
[2023.02.07-10.18.23:638][  0]LogConfig: Setting CVar [[r.Shadow.PreShadowResolutionFactor:1.0]]
[2023.02.07-10.18.23:638][  0]LogConfig: Setting CVar [[r.DistanceFieldShadowing:1]]
[2023.02.07-10.18.23:638][  0]LogConfig: Setting CVar [[r.DistanceFieldAO:1]]
[2023.02.07-10.18.23:638][  0]LogConfig: Setting CVar [[r.AOQuality:2]]
[2023.02.07-10.18.23:638][  0]LogConfig: Setting CVar [[r.VolumetricFog:1]]
[2023.02.07-10.18.23:638][  0]LogConfig: Setting CVar [[r.VolumetricFog.GridPixelSize:8]]
[2023.02.07-10.18.23:638][  0]LogConfig: Setting CVar [[r.VolumetricFog.GridSizeZ:128]]
[2023.02.07-10.18.23:638][  0]LogConfig: Setting CVar [[r.VolumetricFog.HistoryMissSupersampleCount:4]]
[2023.02.07-10.18.23:638][  0]LogConfig: Setting CVar [[r.LightMaxDrawDistanceScale:1]]
[2023.02.07-10.18.23:638][  0]LogConfig: Setting CVar [[r.CapsuleShadows:1]]
[2023.02.07-10.18.23:638][  0]LogConfig: Applying CVar settings from Section [PostProcessQuality@3] File [C:/Unreal Project/ChallengeProject/Saved/Config/Windows/Scalability.ini]
[2023.02.07-10.18.23:638][  0]LogConfig: Setting CVar [[r.MotionBlurQuality:4]]
[2023.02.07-10.18.23:638][  0]LogConfig: Setting CVar [[r.AmbientOcclusionMipLevelFactor:0.4]]
[2023.02.07-10.18.23:638][  0]LogConfig: Setting CVar [[r.AmbientOcclusionMaxQuality:100]]
[2023.02.07-10.18.23:638][  0]LogConfig: Setting CVar [[r.AmbientOcclusionLevels:-1]]
[2023.02.07-10.18.23:638][  0]LogConfig: Setting CVar [[r.AmbientOcclusionRadiusScale:1.0]]
[2023.02.07-10.18.23:638][  0]LogConfig: Setting CVar [[r.DepthOfFieldQuality:2]]
[2023.02.07-10.18.23:638][  0]LogConfig: Setting CVar [[r.RenderTargetPoolMin:400]]
[2023.02.07-10.18.23:638][  0]LogConfig: Setting CVar [[r.LensFlareQuality:2]]
[2023.02.07-10.18.23:638][  0]LogConfig: Setting CVar [[r.SceneColorFringeQuality:1]]
[2023.02.07-10.18.23:638][  0]LogConfig: Setting CVar [[r.EyeAdaptationQuality:2]]
[2023.02.07-10.18.23:638][  0]LogConfig: Setting CVar [[r.BloomQuality:5]]
[2023.02.07-10.18.23:638][  0]LogConfig: Setting CVar [[r.FastBlurThreshold:100]]
[2023.02.07-10.18.23:638][  0]LogConfig: Setting CVar [[r.Upscale.Quality:3]]
[2023.02.07-10.18.23:638][  0]LogConfig: Setting CVar [[r.Tonemapper.GrainQuantization:1]]
[2023.02.07-10.18.23:638][  0]LogConfig: Setting CVar [[r.LightShaftQuality:1]]
[2023.02.07-10.18.23:638][  0]LogConfig: Setting CVar [[r.Filter.SizeScale:1]]
[2023.02.07-10.18.23:638][  0]LogConfig: Setting CVar [[r.Tonemapper.Quality:5]]
[2023.02.07-10.18.23:638][  0]LogConfig: Setting CVar [[r.DOF.Gather.AccumulatorQuality:1        ; higher gathering accumulator quality]]
[2023.02.07-10.18.23:638][  0]LogConfig: Setting CVar [[r.DOF.Gather.PostfilterMethod:1          ; Median3x3 postfilering method]]
[2023.02.07-10.18.23:638][  0]LogConfig: Setting CVar [[r.DOF.Gather.EnableBokehSettings:0       ; no bokeh simulation when gathering]]
[2023.02.07-10.18.23:638][  0]LogConfig: Setting CVar [[r.DOF.Gather.RingCount:4                 ; medium number of samples when gathering]]
[2023.02.07-10.18.23:638][  0]LogConfig: Setting CVar [[r.DOF.Scatter.ForegroundCompositing:1    ; additive foreground scattering]]
[2023.02.07-10.18.23:638][  0]LogConfig: Setting CVar [[r.DOF.Scatter.BackgroundCompositing:2    ; additive background scattering]]
[2023.02.07-10.18.23:638][  0]LogConfig: Setting CVar [[r.DOF.Scatter.EnableBokehSettings:1      ; bokeh simulation when scattering]]
[2023.02.07-10.18.23:638][  0]LogConfig: Setting CVar [[r.DOF.Scatter.MaxSpriteRatio:0.1         ; only a maximum of 10% of scattered bokeh]]
[2023.02.07-10.18.23:638][  0]LogConfig: Setting CVar [[r.DOF.Recombine.Quality:1                ; cheap slight out of focus]]
[2023.02.07-10.18.23:638][  0]LogConfig: Setting CVar [[r.DOF.Recombine.EnableBokehSettings:0    ; no bokeh simulation on slight out of focus]]
[2023.02.07-10.18.23:638][  0]LogConfig: Setting CVar [[r.DOF.TemporalAAQuality:1                ; more stable temporal accumulation]]
[2023.02.07-10.18.23:638][  0]LogConfig: Setting CVar [[r.DOF.Kernel.MaxForegroundRadius:0.025]]
[2023.02.07-10.18.23:638][  0]LogConfig: Setting CVar [[r.DOF.Kernel.MaxBackgroundRadius:0.025]]
[2023.02.07-10.18.23:638][  0]LogConfig: Applying CVar settings from Section [TextureQuality@3] File [C:/Unreal Project/ChallengeProject/Saved/Config/Windows/Scalability.ini]
[2023.02.07-10.18.23:638][  0]LogConfig: Setting CVar [[r.Streaming.MipBias:0]]
[2023.02.07-10.18.23:638][  0]LogConfig: Setting CVar [[r.Streaming.AmortizeCPUToGPUCopy:0]]
[2023.02.07-10.18.23:638][  0]LogConfig: Setting CVar [[r.Streaming.MaxNumTexturesToStreamPerFrame:0]]
[2023.02.07-10.18.23:638][  0]LogConfig: Setting CVar [[r.Streaming.Boost:1]]
[2023.02.07-10.18.23:638][  0]LogConfig: Setting CVar [[r.MaxAnisotropy:8]]
[2023.02.07-10.18.23:638][  0]LogConfig: Setting CVar [[r.VT.MaxAnisotropy:8]]
[2023.02.07-10.18.23:638][  0]LogConfig: Setting CVar [[r.Streaming.LimitPoolSizeToVRAM:0]]
[2023.02.07-10.18.23:638][  0]LogConfig: Setting CVar [[r.Streaming.PoolSize:1000]]
[2023.02.07-10.18.23:638][  0]LogConfig: Setting CVar [[r.Streaming.MaxEffectiveScreenSize:0]]
[2023.02.07-10.18.23:638][  0]LogConfig: Applying CVar settings from Section [EffectsQuality@3] File [C:/Unreal Project/ChallengeProject/Saved/Config/Windows/Scalability.ini]
[2023.02.07-10.18.23:638][  0]LogConfig: Setting CVar [[r.TranslucencyLightingVolumeDim:64]]
[2023.02.07-10.18.23:638][  0]LogConfig: Setting CVar [[r.RefractionQuality:2]]
[2023.02.07-10.18.23:638][  0]LogConfig: Setting CVar [[r.SSR.Quality:3]]
[2023.02.07-10.18.23:638][  0]LogConfig: Setting CVar [[r.SSR.HalfResSceneColor:0]]
[2023.02.07-10.18.23:638][  0]LogConfig: Setting CVar [[r.SceneColorFormat:4]]
[2023.02.07-10.18.23:638][  0]LogConfig: Setting CVar [[r.DetailMode:2]]
[2023.02.07-10.18.23:638][  0]LogConfig: Setting CVar [[r.TranslucencyVolumeBlur:1]]
[2023.02.07-10.18.23:638][  0]LogConfig: Setting CVar [[r.MaterialQualityLevel:1 ; High quality]]
[2023.02.07-10.18.23:638][  0]LogConfig: Setting CVar [[r.AnisotropicMaterials:1]]
[2023.02.07-10.18.23:638][  0]LogConfig: Setting CVar [[r.SSS.Scale:1]]
[2023.02.07-10.18.23:638][  0]LogConfig: Setting CVar [[r.SSS.SampleSet:2]]
[2023.02.07-10.18.23:638][  0]LogConfig: Setting CVar [[r.SSS.Quality:1]]
[2023.02.07-10.18.23:638][  0]LogConfig: Setting CVar [[r.SSS.HalfRes:0]]
[2023.02.07-10.18.23:638][  0]LogConfig: Setting CVar [[r.SSGI.Quality:3]]
[2023.02.07-10.18.23:638][  0]LogConfig: Setting CVar [[r.EmitterSpawnRateScale:1.0]]
[2023.02.07-10.18.23:638][  0]LogConfig: Setting CVar [[r.ParticleLightQuality:2]]
[2023.02.07-10.18.23:638][  0]LogConfig: Setting CVar [[r.SkyAtmosphere.AerialPerspectiveLUT.FastApplyOnOpaque:1 ; Always have FastSkyLUT 1 in this case to avoid wrong sky]]
[2023.02.07-10.18.23:638][  0]LogConfig: Setting CVar [[r.SkyAtmosphere.AerialPerspectiveLUT.SampleCountMaxPerSlice:4]]
[2023.02.07-10.18.23:638][  0]LogConfig: Setting CVar [[r.SkyAtmosphere.AerialPerspectiveLUT.DepthResolution:16.0]]
[2023.02.07-10.18.23:638][  0]LogConfig: Setting CVar [[r.SkyAtmosphere.FastSkyLUT:1]]
[2023.02.07-10.18.23:638][  0]LogConfig: Setting CVar [[r.SkyAtmosphere.FastSkyLUT.SampleCountMin:4.0]]
[2023.02.07-10.18.23:639][  0]LogConfig: Setting CVar [[r.SkyAtmosphere.FastSkyLUT.SampleCountMax:128.0]]
[2023.02.07-10.18.23:639][  0]LogConfig: Setting CVar [[r.SkyAtmosphere.SampleCountMin:4.0]]
[2023.02.07-10.18.23:639][  0]LogConfig: Setting CVar [[r.SkyAtmosphere.SampleCountMax:128.0]]
[2023.02.07-10.18.23:639][  0]LogConfig: Setting CVar [[r.SkyAtmosphere.TransmittanceLUT.UseSmallFormat:0]]
[2023.02.07-10.18.23:639][  0]LogConfig: Setting CVar [[r.SkyAtmosphere.TransmittanceLUT.SampleCount:10.0]]
[2023.02.07-10.18.23:639][  0]LogConfig: Setting CVar [[r.SkyAtmosphere.MultiScatteringLUT.SampleCount:15.0]]
[2023.02.07-10.18.23:639][  0]LogConfig: Setting CVar [[r.SkyLight.RealTimeReflectionCapture:1]]
[2023.02.07-10.18.23:639][  0]LogConfig: Applying CVar settings from Section [FoliageQuality@3] File [C:/Unreal Project/ChallengeProject/Saved/Config/Windows/Scalability.ini]
[2023.02.07-10.18.23:639][  0]LogConfig: Setting CVar [[foliage.DensityScale:1.0]]
[2023.02.07-10.18.23:639][  0]LogConfig: Setting CVar [[grass.DensityScale:1.0]]
[2023.02.07-10.18.23:639][  0]LogConfig: Applying CVar settings from Section [ShadingQuality@3] File [C:/Unreal Project/ChallengeProject/Saved/Config/Windows/Scalability.ini]
[2023.02.07-10.18.23:639][  0]LogConfig: Setting CVar [[r.HairStrands.SkyLighting.IntegrationType:2]]
[2023.02.07-10.18.23:639][  0]LogConfig: Setting CVar [[r.HairStrands.SkyAO.SampleCount:4]]
[2023.02.07-10.18.23:639][  0]LogConfig: Setting CVar [[r.HairStrands.Visibility.MSAA.SamplePerPixel:4]]
[2023.02.07-10.18.23:641][  0]LogInit: Selected Device Profile: [Windows]
[2023.02.07-10.18.23:641][  0]LogInit: Applying CVar settings loaded from the selected device profile: [Windows]
[2023.02.07-10.18.23:641][  0]LogHAL: Display: Platform has ~ 32 GB [33444212736 / 34359738368 / 32], which maps to Largest [LargestMinGB=32, LargerMinGB=12, DefaultMinGB=8, SmallerMinGB=6, SmallestMinGB=0)
[2023.02.07-10.18.23:641][  0]LogInit: Going up to parent DeviceProfile []
[2023.02.07-10.18.23:641][  0]LogConfig: Applying CVar settings from Section [ViewDistanceQuality@3] File [C:/Unreal Project/ChallengeProject/Saved/Config/Windows/Scalability.ini]
[2023.02.07-10.18.23:641][  0]LogConfig: Setting CVar [[r.SkeletalMeshLODBias:0]]
[2023.02.07-10.18.23:641][  0]LogConfig: Setting CVar [[r.ViewDistanceScale:1.0]]
[2023.02.07-10.18.23:641][  0]LogConfig: Applying CVar settings from Section [AntiAliasingQuality@3] File [C:/Unreal Project/ChallengeProject/Saved/Config/Windows/Scalability.ini]
[2023.02.07-10.18.23:641][  0]LogConfig: Setting CVar [[r.PostProcessAAQuality:4]]
[2023.02.07-10.18.23:641][  0]LogConfig: Applying CVar settings from Section [ShadowQuality@3] File [C:/Unreal Project/ChallengeProject/Saved/Config/Windows/Scalability.ini]
[2023.02.07-10.18.23:641][  0]LogConfig: Setting CVar [[r.LightFunctionQuality:1]]
[2023.02.07-10.18.23:641][  0]LogConfig: Setting CVar [[r.ShadowQuality:5]]
[2023.02.07-10.18.23:641][  0]LogConfig: Setting CVar [[r.Shadow.CSM.MaxCascades:10]]
[2023.02.07-10.18.23:641][  0]LogConfig: Setting CVar [[r.Shadow.MaxResolution:2048]]
[2023.02.07-10.18.23:641][  0]LogConfig: Setting CVar [[r.Shadow.MaxCSMResolution:2048]]
[2023.02.07-10.18.23:641][  0]LogConfig: Setting CVar [[r.Shadow.RadiusThreshold:0.01]]
[2023.02.07-10.18.23:641][  0]LogConfig: Setting CVar [[r.Shadow.DistanceScale:1.0]]
[2023.02.07-10.18.23:641][  0]LogConfig: Setting CVar [[r.Shadow.CSM.TransitionScale:1.0]]
[2023.02.07-10.18.23:641][  0]LogConfig: Setting CVar [[r.Shadow.PreShadowResolutionFactor:1.0]]
[2023.02.07-10.18.23:641][  0]LogConfig: Setting CVar [[r.DistanceFieldShadowing:1]]
[2023.02.07-10.18.23:641][  0]LogConfig: Setting CVar [[r.DistanceFieldAO:1]]
[2023.02.07-10.18.23:641][  0]LogConfig: Setting CVar [[r.AOQuality:2]]
[2023.02.07-10.18.23:641][  0]LogConfig: Setting CVar [[r.VolumetricFog:1]]
[2023.02.07-10.18.23:641][  0]LogConfig: Setting CVar [[r.VolumetricFog.GridPixelSize:8]]
[2023.02.07-10.18.23:641][  0]LogConfig: Setting CVar [[r.VolumetricFog.GridSizeZ:128]]
[2023.02.07-10.18.23:641][  0]LogConfig: Setting CVar [[r.VolumetricFog.HistoryMissSupersampleCount:4]]
[2023.02.07-10.18.23:641][  0]LogConfig: Setting CVar [[r.LightMaxDrawDistanceScale:1]]
[2023.02.07-10.18.23:641][  0]LogConfig: Setting CVar [[r.CapsuleShadows:1]]
[2023.02.07-10.18.23:641][  0]LogConfig: Applying CVar settings from Section [PostProcessQuality@3] File [C:/Unreal Project/ChallengeProject/Saved/Config/Windows/Scalability.ini]
[2023.02.07-10.18.23:641][  0]LogConfig: Setting CVar [[r.MotionBlurQuality:4]]
[2023.02.07-10.18.23:641][  0]LogConfig: Setting CVar [[r.AmbientOcclusionMipLevelFactor:0.4]]
[2023.02.07-10.18.23:641][  0]LogConfig: Setting CVar [[r.AmbientOcclusionMaxQuality:100]]
[2023.02.07-10.18.23:641][  0]LogConfig: Setting CVar [[r.AmbientOcclusionLevels:-1]]
[2023.02.07-10.18.23:641][  0]LogConfig: Setting CVar [[r.AmbientOcclusionRadiusScale:1.0]]
[2023.02.07-10.18.23:641][  0]LogConfig: Setting CVar [[r.DepthOfFieldQuality:2]]
[2023.02.07-10.18.23:641][  0]LogConfig: Setting CVar [[r.RenderTargetPoolMin:400]]
[2023.02.07-10.18.23:641][  0]LogConfig: Setting CVar [[r.LensFlareQuality:2]]
[2023.02.07-10.18.23:641][  0]LogConfig: Setting CVar [[r.SceneColorFringeQuality:1]]
[2023.02.07-10.18.23:641][  0]LogConfig: Setting CVar [[r.EyeAdaptationQuality:2]]
[2023.02.07-10.18.23:641][  0]LogConfig: Setting CVar [[r.BloomQuality:5]]
[2023.02.07-10.18.23:641][  0]LogConfig: Setting CVar [[r.FastBlurThreshold:100]]
[2023.02.07-10.18.23:641][  0]LogConfig: Setting CVar [[r.Upscale.Quality:3]]
[2023.02.07-10.18.23:641][  0]LogConfig: Setting CVar [[r.Tonemapper.GrainQuantization:1]]
[2023.02.07-10.18.23:641][  0]LogConfig: Setting CVar [[r.LightShaftQuality:1]]
[2023.02.07-10.18.23:641][  0]LogConfig: Setting CVar [[r.Filter.SizeScale:1]]
[2023.02.07-10.18.23:641][  0]LogConfig: Setting CVar [[r.Tonemapper.Quality:5]]
[2023.02.07-10.18.23:641][  0]LogConfig: Setting CVar [[r.DOF.Gather.AccumulatorQuality:1        ; higher gathering accumulator quality]]
[2023.02.07-10.18.23:641][  0]LogConfig: Setting CVar [[r.DOF.Gather.PostfilterMethod:1          ; Median3x3 postfilering method]]
[2023.02.07-10.18.23:641][  0]LogConfig: Setting CVar [[r.DOF.Gather.EnableBokehSettings:0       ; no bokeh simulation when gathering]]
[2023.02.07-10.18.23:641][  0]LogConfig: Setting CVar [[r.DOF.Gather.RingCount:4                 ; medium number of samples when gathering]]
[2023.02.07-10.18.23:641][  0]LogConfig: Setting CVar [[r.DOF.Scatter.ForegroundCompositing:1    ; additive foreground scattering]]
[2023.02.07-10.18.23:641][  0]LogConfig: Setting CVar [[r.DOF.Scatter.BackgroundCompositing:2    ; additive background scattering]]
[2023.02.07-10.18.23:641][  0]LogConfig: Setting CVar [[r.DOF.Scatter.EnableBokehSettings:1      ; bokeh simulation when scattering]]
[2023.02.07-10.18.23:641][  0]LogConfig: Setting CVar [[r.DOF.Scatter.MaxSpriteRatio:0.1         ; only a maximum of 10% of scattered bokeh]]
[2023.02.07-10.18.23:641][  0]LogConfig: Setting CVar [[r.DOF.Recombine.Quality:1                ; cheap slight out of focus]]
[2023.02.07-10.18.23:641][  0]LogConfig: Setting CVar [[r.DOF.Recombine.EnableBokehSettings:0    ; no bokeh simulation on slight out of focus]]
[2023.02.07-10.18.23:641][  0]LogConfig: Setting CVar [[r.DOF.TemporalAAQuality:1                ; more stable temporal accumulation]]
[2023.02.07-10.18.23:641][  0]LogConfig: Setting CVar [[r.DOF.Kernel.MaxForegroundRadius:0.025]]
[2023.02.07-10.18.23:641][  0]LogConfig: Setting CVar [[r.DOF.Kernel.MaxBackgroundRadius:0.025]]
[2023.02.07-10.18.23:641][  0]LogConfig: Applying CVar settings from Section [TextureQuality@3] File [C:/Unreal Project/ChallengeProject/Saved/Config/Windows/Scalability.ini]
[2023.02.07-10.18.23:641][  0]LogConfig: Setting CVar [[r.Streaming.MipBias:0]]
[2023.02.07-10.18.23:641][  0]LogConfig: Setting CVar [[r.Streaming.AmortizeCPUToGPUCopy:0]]
[2023.02.07-10.18.23:642][  0]LogConfig: Setting CVar [[r.Streaming.MaxNumTexturesToStreamPerFrame:0]]
[2023.02.07-10.18.23:642][  0]LogConfig: Setting CVar [[r.Streaming.Boost:1]]
[2023.02.07-10.18.23:642][  0]LogConfig: Setting CVar [[r.MaxAnisotropy:8]]
[2023.02.07-10.18.23:642][  0]LogConfig: Setting CVar [[r.VT.MaxAnisotropy:8]]
[2023.02.07-10.18.23:642][  0]LogConfig: Setting CVar [[r.Streaming.LimitPoolSizeToVRAM:0]]
[2023.02.07-10.18.23:642][  0]LogConfig: Setting CVar [[r.Streaming.PoolSize:1000]]
[2023.02.07-10.18.23:642][  0]LogConfig: Setting CVar [[r.Streaming.MaxEffectiveScreenSize:0]]
[2023.02.07-10.18.23:642][  0]LogConfig: Applying CVar settings from Section [EffectsQuality@3] File [C:/Unreal Project/ChallengeProject/Saved/Config/Windows/Scalability.ini]
[2023.02.07-10.18.23:642][  0]LogConfig: Setting CVar [[r.TranslucencyLightingVolumeDim:64]]
[2023.02.07-10.18.23:642][  0]LogConfig: Setting CVar [[r.RefractionQuality:2]]
[2023.02.07-10.18.23:642][  0]LogConfig: Setting CVar [[r.SSR.Quality:3]]
[2023.02.07-10.18.23:642][  0]LogConfig: Setting CVar [[r.SSR.HalfResSceneColor:0]]
[2023.02.07-10.18.23:642][  0]LogConfig: Setting CVar [[r.SceneColorFormat:4]]
[2023.02.07-10.18.23:642][  0]LogConfig: Setting CVar [[r.DetailMode:2]]
[2023.02.07-10.18.23:642][  0]LogConfig: Setting CVar [[r.TranslucencyVolumeBlur:1]]
[2023.02.07-10.18.23:642][  0]LogConfig: Setting CVar [[r.MaterialQualityLevel:1 ; High quality]]
[2023.02.07-10.18.23:642][  0]LogConfig: Setting CVar [[r.AnisotropicMaterials:1]]
[2023.02.07-10.18.23:642][  0]LogConfig: Setting CVar [[r.SSS.Scale:1]]
[2023.02.07-10.18.23:642][  0]LogConfig: Setting CVar [[r.SSS.SampleSet:2]]
[2023.02.07-10.18.23:642][  0]LogConfig: Setting CVar [[r.SSS.Quality:1]]
[2023.02.07-10.18.23:642][  0]LogConfig: Setting CVar [[r.SSS.HalfRes:0]]
[2023.02.07-10.18.23:642][  0]LogConfig: Setting CVar [[r.SSGI.Quality:3]]
[2023.02.07-10.18.23:642][  0]LogConfig: Setting CVar [[r.EmitterSpawnRateScale:1.0]]
[2023.02.07-10.18.23:642][  0]LogConfig: Setting CVar [[r.ParticleLightQuality:2]]
[2023.02.07-10.18.23:642][  0]LogConfig: Setting CVar [[r.SkyAtmosphere.AerialPerspectiveLUT.FastApplyOnOpaque:1 ; Always have FastSkyLUT 1 in this case to avoid wrong sky]]
[2023.02.07-10.18.23:642][  0]LogConfig: Setting CVar [[r.SkyAtmosphere.AerialPerspectiveLUT.SampleCountMaxPerSlice:4]]
[2023.02.07-10.18.23:642][  0]LogConfig: Setting CVar [[r.SkyAtmosphere.AerialPerspectiveLUT.DepthResolution:16.0]]
[2023.02.07-10.18.23:642][  0]LogConfig: Setting CVar [[r.SkyAtmosphere.FastSkyLUT:1]]
[2023.02.07-10.18.23:642][  0]LogConfig: Setting CVar [[r.SkyAtmosphere.FastSkyLUT.SampleCountMin:4.0]]
[2023.02.07-10.18.23:642][  0]LogConfig: Setting CVar [[r.SkyAtmosphere.FastSkyLUT.SampleCountMax:128.0]]
[2023.02.07-10.18.23:642][  0]LogConfig: Setting CVar [[r.SkyAtmosphere.SampleCountMin:4.0]]
[2023.02.07-10.18.23:642][  0]LogConfig: Setting CVar [[r.SkyAtmosphere.SampleCountMax:128.0]]
[2023.02.07-10.18.23:642][  0]LogConfig: Setting CVar [[r.SkyAtmosphere.TransmittanceLUT.UseSmallFormat:0]]
[2023.02.07-10.18.23:642][  0]LogConfig: Setting CVar [[r.SkyAtmosphere.TransmittanceLUT.SampleCount:10.0]]
[2023.02.07-10.18.23:642][  0]LogConfig: Setting CVar [[r.SkyAtmosphere.MultiScatteringLUT.SampleCount:15.0]]
[2023.02.07-10.18.23:642][  0]LogConfig: Setting CVar [[r.SkyLight.RealTimeReflectionCapture:1]]
[2023.02.07-10.18.23:642][  0]LogConfig: Applying CVar settings from Section [FoliageQuality@3] File [C:/Unreal Project/ChallengeProject/Saved/Config/Windows/Scalability.ini]
[2023.02.07-10.18.23:642][  0]LogConfig: Setting CVar [[foliage.DensityScale:1.0]]
[2023.02.07-10.18.23:642][  0]LogConfig: Setting CVar [[grass.DensityScale:1.0]]
[2023.02.07-10.18.23:642][  0]LogConfig: Applying CVar settings from Section [ShadingQuality@3] File [C:/Unreal Project/ChallengeProject/Saved/Config/Windows/Scalability.ini]
[2023.02.07-10.18.23:642][  0]LogConfig: Setting CVar [[r.HairStrands.SkyLighting.IntegrationType:2]]
[2023.02.07-10.18.23:642][  0]LogConfig: Setting CVar [[r.HairStrands.SkyAO.SampleCount:4]]
[2023.02.07-10.18.23:642][  0]LogConfig: Setting CVar [[r.HairStrands.Visibility.MSAA.SamplePerPixel:4]]
[2023.02.07-10.18.23:642][  0]LogConfig: Applying CVar settings from Section [Startup] File [../../../Engine/Config/ConsoleVariables.ini]
[2023.02.07-10.18.23:642][  0]LogConfig: Setting CVar [[net.UseAdaptiveNetUpdateFrequency:0]]
[2023.02.07-10.18.23:642][  0]LogConfig: Setting CVar [[p.chaos.AllowCreatePhysxBodies:1]]
[2023.02.07-10.18.23:642][  0]LogConfig: Setting CVar [[fx.SkipVectorVMBackendOptimizations:1]]
[2023.02.07-10.18.23:642][  0]LogConfig: Applying CVar settings from Section [ConsoleVariables] File [C:/Unreal Project/ChallengeProject/Saved/Config/Windows/Engine.ini]
[2023.02.07-10.18.23:642][  0]LogConfig: Applying CVar settings from Section [ConsoleVariables] File [C:/Unreal Project/ChallengeProject/Saved/Config/Windows/Editor.ini]
[2023.02.07-10.18.23:642][  0]LogInit: Computer: DESKTOP-UJVUCLO
[2023.02.07-10.18.23:642][  0]LogInit: User: Admn
[2023.02.07-10.18.23:642][  0]LogInit: CPU Page size=4096, Cores=8
[2023.02.07-10.18.23:642][  0]LogInit: High frequency timer resolution =10.000000 MHz
[2023.02.07-10.18.23:642][  0]LogMemory: Memory total: Physical=31.1GB (32GB approx)
[2023.02.07-10.18.23:642][  0]LogMemory: Platform Memory Stats for Windows
[2023.02.07-10.18.23:642][  0]LogMemory: Process Physical Memory: 138.97 MB used, 138.97 MB peak
[2023.02.07-10.18.23:642][  0]LogMemory: Process Virtual Memory: 118.27 MB used, 118.27 MB peak
[2023.02.07-10.18.23:642][  0]LogMemory: Physical Memory: 12069.88 MB used,  19825.00 MB free, 31894.89 MB total
[2023.02.07-10.18.23:642][  0]LogMemory: Virtual Memory: 134196312.00 MB used,  21414.57 MB free, 134217728.00 MB total
[2023.02.07-10.18.23:645][  0]LogWindows: WindowsPlatformFeatures enabled
[2023.02.07-10.18.23:666][  0]LogInit: Physics initialised using underlying interface: PhysX
[2023.02.07-10.18.23:666][  0]LogInit: Using OS detected language (en-US).
[2023.02.07-10.18.23:666][  0]LogInit: Using OS detected locale (en-US).
[2023.02.07-10.18.23:669][  0]LogTextLocalizationManager: No specific localization for 'en-US' exists, so the 'en' localization will be used.
[2023.02.07-10.18.23:952][  0]LogTargetPlatformManager: Display: Loaded TargetPlatform 'AllDesktop'
[2023.02.07-10.18.23:964][  0]LogTargetPlatformManager: Display: Loaded TargetPlatform 'Android'
[2023.02.07-10.18.23:964][  0]LogTargetPlatformManager: Display: Loaded TargetPlatform 'Android_ASTC'
[2023.02.07-10.18.23:964][  0]LogTargetPlatformManager: Display: Loaded TargetPlatform 'Android_DXT'
[2023.02.07-10.18.23:964][  0]LogTargetPlatformManager: Display: Loaded TargetPlatform 'Android_ETC2'
[2023.02.07-10.18.23:964][  0]LogTargetPlatformManager: Display: Loaded TargetPlatform 'AndroidClient'
[2023.02.07-10.18.23:964][  0]LogTargetPlatformManager: Display: Loaded TargetPlatform 'Android_ASTCClient'
[2023.02.07-10.18.23:964][  0]LogTargetPlatformManager: Display: Loaded TargetPlatform 'Android_DXTClient'
[2023.02.07-10.18.23:964][  0]LogTargetPlatformManager: Display: Loaded TargetPlatform 'Android_ETC2Client'
[2023.02.07-10.18.23:964][  0]LogTargetPlatformManager: Display: Loaded TargetPlatform 'Android_Multi'
[2023.02.07-10.18.23:964][  0]LogTargetPlatformManager: Display: Loaded TargetPlatform 'Android_MultiClient'
[2023.02.07-10.18.23:973][  0]LogTargetPlatformManager: Display: Loaded TargetPlatform 'IOSClient'
[2023.02.07-10.18.23:973][  0]LogTargetPlatformManager: Display: Loaded TargetPlatform 'IOS'
[2023.02.07-10.18.23:986][  0]LogTargetPlatformManager: Display: Loaded TargetPlatform 'Lumin'
[2023.02.07-10.18.23:986][  0]LogTargetPlatformManager: Display: Loaded TargetPlatform 'LuminClient'
[2023.02.07-10.18.23:990][  0]LogTargetPlatformManager: Display: Loaded TargetPlatform 'MacNoEditor'
[2023.02.07-10.18.23:992][  0]LogTargetPlatformManager: Display: Loaded TargetPlatform 'Mac'
[2023.02.07-10.18.23:995][  0]LogTargetPlatformManager: Display: Loaded TargetPlatform 'MacClient'
[2023.02.07-10.18.23:997][  0]LogTargetPlatformManager: Display: Loaded TargetPlatform 'MacServer'
[2023.02.07-10.18.24:002][  0]LogTargetPlatformManager: Display: Loaded TargetPlatform 'TVOSClient'
[2023.02.07-10.18.24:002][  0]LogTargetPlatformManager: Display: Loaded TargetPlatform 'TVOS'
[2023.02.07-10.18.24:008][  0]LogTargetPlatformManager: Display: Loaded TargetPlatform 'WindowsNoEditor'
[2023.02.07-10.18.24:012][  0]LogTargetPlatformManager: Display: Loaded TargetPlatform 'Windows'
[2023.02.07-10.18.24:014][  0]LogTargetPlatformManager: Display: Loaded TargetPlatform 'WindowsClient'
[2023.02.07-10.18.24:017][  0]LogTargetPlatformManager: Display: Loaded TargetPlatform 'WindowsServer'
[2023.02.07-10.18.24:017][  0]LogTargetPlatformManager: Display: Building Assets For Windows
[2023.02.07-10.18.24:021][  0]LogAudioDebug: Display: Lib vorbis DLL was dynamically loaded.
[2023.02.07-10.18.24:036][  0]LogTextureFormatOodle: Display: Oodle Texture 2.9.0 init RDO Off
[2023.02.07-10.18.24:051][  0]LogRendererCore: Ray tracing is disabled. Reason: r.RayTracing=0.
[2023.02.07-10.18.24:052][  0]LogDerivedDataCache: Display: Max Cache Size: 512 MB
[2023.02.07-10.18.24:079][  0]LogDerivedDataCache: Loaded boot cache 0.03s 94MB ../../../../Unreal Project/ChallengeProject/DerivedDataCache/Boot.ddc.
[2023.02.07-10.18.24:079][  0]LogDerivedDataCache: Display: Loaded Boot cache: ../../../../Unreal Project/ChallengeProject/DerivedDataCache/Boot.ddc
[2023.02.07-10.18.24:079][  0]LogDerivedDataCache: FDerivedDataBackendGraph:  Pak pak cache file ../../../../Unreal Project/ChallengeProject/DerivedDataCache/DDC.ddp not found, will not use a pak cache.
[2023.02.07-10.18.24:079][  0]LogDerivedDataCache: Unable to find inner node Pak for hierarchical cache Hierarchy.
[2023.02.07-10.18.24:079][  0]LogDerivedDataCache: FDerivedDataBackendGraph:  EnginePak pak cache file ../../../Engine/DerivedDataCache/DDC.ddp not found, will not use a pak cache.
[2023.02.07-10.18.24:079][  0]LogDerivedDataCache: Unable to find inner node EnginePak for hierarchical cache Hierarchy.
[2023.02.07-10.18.24:083][  0]LogDerivedDataCache: Speed tests for ../../../Engine/DerivedDataCache took 0.00 seconds
[2023.02.07-10.18.24:083][  0]LogDerivedDataCache: Display: Performance to ../../../Engine/DerivedDataCache: Latency=0.02ms. RandomReadSpeed=1953.95MBs, RandomWriteSpeed=274.75MBs. Assigned SpeedClass 'Local'
[2023.02.07-10.18.24:084][  0]LogDerivedDataCache: Using Local data cache path ../../../Engine/DerivedDataCache: Writable
[2023.02.07-10.18.24:084][  0]LogDerivedDataCache: Shared data cache path not found in *engine.ini, will not use an Shared cache.
[2023.02.07-10.18.24:084][  0]LogDerivedDataCache: Unable to find inner node Shared for hierarchical cache Hierarchy.
[2023.02.07-10.18.24:088][  0]LogAssetRegistry: FAssetRegistry took 0.0011 seconds to start up
[2023.02.07-10.18.24:217][  0]LogInit: Selected Device Profile: [Windows]
[2023.02.07-10.18.24:217][  0]LogInit: Active device profile: [0000023370088D00][000002336AEB0F40 49] Windows
[2023.02.07-10.18.24:217][  0]LogInit: Profiles: [0000023370088D00][000002336AEB0F40 49] Windows, [000002337004DE00][000002336AEBF0C0 49] WindowsNoEditor, [0000023370089C00][000002336AEC3240 49] WindowsServer, [000002337004EC00][000002336AEC73C0 49] WindowsClient, [000002337008A900][000002336AECB540 49] IOS, [000002337004D500][000002336AECF6C0 49] iPadAir, [000002337008BE00][000002336AED3840 49] iPadAir2, [000002336FFF5000][000002336AEE1B00 49] IPadPro, [000002336FFF5100][000002336AED7B40 49] iPadAir3, [000002337004CC00][000002336AEEA140 49] iPadAir4, [000002336FFF5D00][000002336AEEE2C0 49] iPadMini2, [000002337004EE00][000002336AEF2440 49] iPadMini3, [000002336FFF7800][000002336AEF65C0 49] iPadMini4, [000002337004FD00][000002336AEFA740 49] iPadMini5, [000002337002CA00][00000233708EE980 49] iPhone6, [000002337002CB00][000002336AEB49C0 49] iPodTouch6, [000002337008AD00][00000233708F6C00 49] iPhone7, [000002337008AE00][00000233708F2C40 49] iPodTouch7, [000002336FFF6300][00000233708FEDC0 49] iPhone5S, [0000023370089000][0000023370902F40 49] iPhone6Plus, [000002337002C100][00000233709070C0 49] iPhone6S, [000002336FFF4300][000002337090B240 49] iPhone6SPlus, [000002337002E900][000002337090F3C0 49] iPhone7Plus, [000002336FFF6100][0000023370913540 49] iPhoneSE, [000002337002E700][00000233709176C0 49] iPhone8, [000002336FFF4700][000002337091B840 49] iPhone8Plus, [000002337002F200][000002337091F9C0 49] iPhoneX, [0000023370089500][0000023370923B40 49] iPhoneXS, [000002337002EC00][0000023370926140 49] iPhoneXSMax, [0000023370089A00][000002337092A2C0 49] iPhoneXR, [000002337002C600][000002337092E440 49] iPhone11, [000002337008AA00][00000233709325C0 49] iPhone11Pro, [000002337002DB00][0000023370936740 49] iPhone11ProMax, [0000023370088F00][000002337093A8C0 49] iPhoneSE2, [000002337002FB00][00000233708FAA00 49] iPhone12Mini, [000002337008A300][000002337093EB40 49] iPhone12, [000002337002CC00][0000023370942C80 49] iPhone12Pro, [000002337008BF00][0000023370946DC0 49] iPhone12ProMax, [000002337002D600][000002337094EF40 49] iPadPro105, [0000023370088900][00000233709530C0 49] iPadPro129, [000002337002FE00][0000023370957240 49] iPadPro97, [000002337008B700][000002337095B3C0 49] iPadPro2_129, [000002337002ED00][000002337095F540 49] iPad5, [000002337008A100][00000233709636C0 49] iPad6, [000002337002D200][0000023370967840 49] iPad7, [0000023370089100][000002337096B9C0 49] iPad8, [000002337002C500][000002337096FB40 49] iPadPro11, [0000023370088700][0000023370972140 49] iPadPro2_11, [000002337002EF00][00000233709762C0 49] iPadPro3_129, [0000023370089F00][000002337097A440 49] iPadPro4_129, [000002337002FA00][000002337097E5C0 49] AppleTV, [000002337008A200][0000023370982740 49] AppleTV4K, [000002337002F500][00000233709868C0 49] TVOS, [0000023370088A00][000002337098AA40 49] Mac, [000002337002D400][000002337098EBC0 49] MacClient, [000002337008B900][000002337094AD00 49] MacNoEditor, [000002337002E000][0000023370992E40 49] MacServer, [0000023370089200][0000023370996F80 49] Linux, [000002337002DD00][000002337099F100 49] LinuxAArch64, [0000023370089800][00000233709A3280 49] LinuxNoEditor, [000002337002D300][00000233709A7400 49] LinuxAArch64NoEditor, [0000023370088600][00000233709AB580 49] LinuxClient, [000002337002E800][00000233709AF700 49] LinuxAArch64Client, [000002337008AF00][00000233709B3880 49] LinuxServer, [000002337002DA00][00000233709B7A00 49] LinuxAArch64Server, [0000023370088E00][00000233709BBB80 49] Android, [000002337002EB00][00000233709BE180 49] Android_Low, [000002337008B200][00000233709C2300 49] Android_Mid, [000002337002D800][00000233709C6480 49] Android_High, [0000023370089700][00000233709CA600 49] Android_Default, [000002337002E600][00000233709CE780 49] Android_Adreno4xx, [0000023370088300][00000233709D2900 49] Android_Adreno5xx_Low, [000002337002F400][00000233709D6A80 49] Android_Adreno5xx, [0000023370089B00][00000233709DAC00 49] Android_Adreno6xx, [000002337004C500][00000233709DED80 49] Android_Adreno6xx_Vulkan, [000002336FFF5400][000002337099AEC0 49] Android_Mali_T6xx, [000002337004F700][00000233709E3000 49] Android_Mali_T7xx, [000002336FFF7B00][00000233709E7140 49] Android_Mali_T8xx, [000002337004C100][00000233709EF2C0 49] Android_Mali_G71, [000002336FFF5C00][00000233709F3440 49] Android_Mali_G72, [000002337004F900][00000233709F75C0 49] Android_Mali_G72_Vulkan, [000002336FFF4E00][00000233709FB740 49] Android_Mali_G76, [000002337004D200][00000233709FF8C0 49] Android_Mali_G76_Vulkan, [000002336FFF4D00][0000023370A03A40 49] Android_Mali_G77, [000002337004E400][0000023370A07BC0 49] Android_Mali_G77_Vulkan, [000002336FFF7C00][0000023370A0A1C0 49] Android_Mali_G78, [000002337004D400][0000023370A0E340 49] Android_Mali_G78_Vulkan, [000002336FFF6200][0000023370A124C0 49] Android_Mali_G710, [000002337004DB00][0000023370A16640 49] Android_Mali_G710_Vulkan, [000002336FFF6C00][0000023370A1A7C0 49] Android_Vulkan_SM5, [000002337004C800][0000023370A1E940 49] Android_PowerVR_G6xxx, [000002336FFF6600][0000023370A22AC0 49] Android_PowerVR_GT7xxx, [000002337004E200][0000023370A26C40 49] Android_PowerVR_GE8xxx, [000002336FFF4500][0000023370A2ADC0 49] Android_PowerVR_GM9xxx, [000002337004D000][0000023370A2EF40 49] Android_PowerVR_GM9xxx_Vulkan, [000002336FFF4B00][00000233709EB080 49] Android_TegraK1, [000002337004F000][0000023370A331C0 49] Android_Unknown_Vulkan, [000002336FFF4600][0000023370A37300 49] Lumin, [000002337004F500][0000023370A3B440 49] Lumin_Desktop, [000002336FFF6000][0000023370A435C0 49] HoloLens, 
[2023.02.07-10.18.24:235][  0]LogMeshReduction: Using QuadricMeshReduction for automatic static mesh reduction
[2023.02.07-10.18.24:235][  0]LogMeshReduction: Using SimplygonMeshReduction for automatic skeletal mesh reduction
[2023.02.07-10.18.24:235][  0]LogMeshReduction: Using ProxyLODMeshReduction for automatic mesh merging
[2023.02.07-10.18.24:235][  0]LogMeshReduction: No distributed automatic mesh merging module available
[2023.02.07-10.18.24:235][  0]LogMeshMerging: No distributed automatic mesh merging module available
[2023.02.07-10.18.24:239][  0]LogNetVersion: ChallengeProject 1.0.0, NetCL: 0, EngineNetVer: 17, GameNetVer: 0 (Checksum: 3855733082)
[2023.02.07-10.18.24:319][  0]LogHMD: PokeAHoleMaterial loaded successfully
[2023.02.07-10.18.24:367][  0]LogCollectionManager: Loaded 0 collections in 0.001333 seconds
[2023.02.07-10.18.24:369][  0]LogFileCache: Scanning file cache for directory 'C:/Unreal Project/ChallengeProject/Saved/Collections/' took 0.00s
[2023.02.07-10.18.24:369][  0]LogFileCache: Scanning file cache for directory 'C:/Unreal Project/ChallengeProject/Content/Developers/Admn/Collections/' took 0.00s
[2023.02.07-10.18.24:369][  0]LogFileCache: Scanning file cache for directory 'C:/Unreal Project/ChallengeProject/Content/Collections/' took 0.00s
[2023.02.07-10.18.24:369][  0]LogCollectionManager: Fixed up redirectors for 0 collections in 0.000002 seconds (updated 0 objects)
[2023.02.07-10.18.24:428][  0]LogNiagaraDebuggerClient: Niagara Debugger Client Initialized | Session: F00E6BD4428D8448FB7DE0BC6228DC0B | Instance: E29E9AE940CD0933B432C1B41829F7E3 (DESKTOP-UJVUCLO-7000).
[2023.02.07-10.18.24:487][  0]LogPython: Using Python 3.7.7
[2023.02.07-10.18.24:869][  0]SourceControl: Source control is disabled
[2023.02.07-10.18.24:869][  0]SourceControl: Source control is disabled
[2023.02.07-10.18.24:870][  0]SourceControl: Source control is disabled
[2023.02.07-10.18.24:872][  0]SourceControl: Source control is disabled
[2023.02.07-10.18.24:873][  0]SourceControl: Source control is disabled
[2023.02.07-10.18.24:887][  0]LogUProjectInfo: Found projects:
[2023.02.07-10.18.24:961][  0]LogOpenImageDenoise: OIDN starting up
[2023.02.07-10.18.24:969][  0]LogAndroidPermission: UAndroidPermissionCallbackProxy::GetInstance
[2023.02.07-10.18.24:975][  0]LogAudioCaptureCore: Display: No Audio Capture implementations found. Audio input will be silent.
[2023.02.07-10.18.24:975][  0]LogAudioCaptureCore: Display: No Audio Capture implementations found. Audio input will be silent.
[2023.02.07-10.18.25:045][  0]LogOcInput: OculusInput pre-init called
[2023.02.07-10.18.25:064][  0]LogUObjectArray: 23366 objects as part of root set at end of initial load.
[2023.02.07-10.18.25:064][  0]LogUObjectAllocator: 6440032 out of 0 bytes used by permanent object pool.
[2023.02.07-10.18.25:064][  0]LogUObjectArray: CloseDisregardForGC: 0/0 objects in disregard for GC pool
[2023.02.07-10.18.25:066][  0]LogInit: Error: VisualStudioToolsCommandlet looked like a commandlet, but we could not find the class.
[2023.02.07-10.18.25:066][  0]LogCore: Engine exit requested (reason: Failed to find commandlet class VisualStudioToolsCommandlet)
[2023.02.07-10.18.25:066][  0]LogCore: Engine exit requested (reason: EngineExit() was called; note: exit was already requested)
[2023.02.07-10.18.25:066][  0]LogExit: Preparing to exit.
[2023.02.07-10.18.25:087][  0]LogUObjectHash: Compacting FUObjectHashTables data took   0.50ms
[2023.02.07-10.18.25:133][  0]LogDemo: Cleaned up 0 splitscreen connections with owner deletion
[2023.02.07-10.18.25:159][  0]LogExit: Object subsystem successfully closed.
[2023.02.07-10.18.25:186][  0]LogModuleManager: Shutting down and abandoning module AudioSynesthesiaEditor (580)
[2023.02.07-10.18.25:186][  0]LogModuleManager: Shutting down and abandoning module OculusEditor (578)
[2023.02.07-10.18.25:186][  0]LogModuleManager: Shutting down and abandoning module OculusInput (576)
[2023.02.07-10.18.25:186][  0]LogModuleManager: Shutting down and abandoning module ContentBrowserAssetDataSource (574)
[2023.02.07-10.18.25:186][  0]LogModuleManager: Shutting down and abandoning module ContentBrowserFileDataSource (572)
[2023.02.07-10.18.25:186][  0]LogModuleManager: Shutting down and abandoning module ContentBrowserClassDataSource (570)
[2023.02.07-10.18.25:186][  0]LogModuleManager: Shutting down and abandoning module ToolMenus (569)
[2023.02.07-10.18.25:186][  0]LogModuleManager: Shutting down and abandoning module SynthesisEditor (566)
[2023.02.07-10.18.25:186][  0]LogModuleManager: Shutting down and abandoning module Synthesis (564)
[2023.02.07-10.18.25:186][  0]LogModuleManager: Shutting down and abandoning module ProceduralMeshComponentEditor (562)
[2023.02.07-10.18.25:186][  0]LogModuleManager: Shutting down and abandoning module ProceduralMeshComponent (560)
[2023.02.07-10.18.25:186][  0]LogModuleManager: Shutting down and abandoning module TakeSequencer (558)
[2023.02.07-10.18.25:186][  0]LogModuleManager: Shutting down and abandoning module TakeMovieScene (556)
[2023.02.07-10.18.25:186][  0]LogModuleManager: Shutting down and abandoning module OpenXREditor (554)
[2023.02.07-10.18.25:186][  0]LogModuleManager: Shutting down and abandoning module MobilePatchingUtils (552)
[2023.02.07-10.18.25:186][  0]LogModuleManager: Shutting down and abandoning module ScreenshotTools (550)
[2023.02.07-10.18.25:186][  0]LogModuleManager: Shutting down and abandoning module EditableMesh (548)
[2023.02.07-10.18.25:186][  0]LogModuleManager: Shutting down and abandoning module GooglePAD (546)
[2023.02.07-10.18.25:186][  0]LogModuleManager: Shutting down and abandoning module CableComponent (544)
[2023.02.07-10.18.25:186][  0]LogModuleManager: Shutting down and abandoning module AppleImageUtilsBlueprintSupport (542)
[2023.02.07-10.18.25:186][  0]LogModuleManager: Shutting down and abandoning module AppleImageUtils (540)
[2023.02.07-10.18.25:186][  0]LogModuleManager: Shutting down and abandoning module CustomMeshComponent (538)
[2023.02.07-10.18.25:186][  0]LogModuleManager: Shutting down and abandoning module AssetTags (536)
[2023.02.07-10.18.25:186][  0]LogModuleManager: Shutting down and abandoning module AudioCapture (534)
[2023.02.07-10.18.25:186][  0]LogModuleManager: Shutting down and abandoning module AudioCaptureRtAudio (533)
[2023.02.07-10.18.25:186][  0]LogModuleManager: Shutting down and abandoning module ArchVisCharacter (530)
[2023.02.07-10.18.25:186][  0]LogModuleManager: Shutting down and abandoning module AndroidPermission (528)
[2023.02.07-10.18.25:186][  0]LogModuleManager: Shutting down and abandoning module ActorLayerUtilitiesEditor (526)
[2023.02.07-10.18.25:186][  0]LogModuleManager: Shutting down and abandoning module ActorLayerUtilities (524)
[2023.02.07-10.18.25:186][  0]LogModuleManager: Shutting down and abandoning module MotoSynthEditor (522)
[2023.02.07-10.18.25:186][  0]LogModuleManager: Shutting down and abandoning module MotoSynth (520)
[2023.02.07-10.18.25:186][  0]LogModuleManager: Shutting down and abandoning module OpenImageDenoise (518)
[2023.02.07-10.18.25:186][  0]LogOpenImageDenoise: OIDN shutting down
[2023.02.07-10.18.25:186][  0]LogModuleManager: Shutting down and abandoning module MeshConversion (516)
[2023.02.07-10.18.25:186][  0]LogModuleManager: Shutting down and abandoning module DynamicMesh (514)
[2023.02.07-10.18.25:186][  0]LogModuleManager: Shutting down and abandoning module GeometryAlgorithms (512)
[2023.02.07-10.18.25:186][  0]LogModuleManager: Shutting down and abandoning module GeometricObjects (510)
[2023.02.07-10.18.25:186][  0]LogModuleManager: Shutting down and abandoning module GeometryCollectionTracks (508)
[2023.02.07-10.18.25:186][  0]LogModuleManager: Shutting down and abandoning module GeometryCollectionSequencer (507)
[2023.02.07-10.18.25:186][  0]LogModuleManager: Shutting down and abandoning module GeometryCollectionEditor (504)
[2023.02.07-10.18.25:186][  0]LogModuleManager: Shutting down and abandoning module GeometryCacheTracks (502)
[2023.02.07-10.18.25:186][  0]LogModuleManager: Shutting down and abandoning module GeometryCacheStreamer (500)
[2023.02.07-10.18.25:186][  0]LogModuleManager: Shutting down and abandoning module GeometryCacheSequencer (498)
[2023.02.07-10.18.25:186][  0]LogModuleManager: Shutting down and abandoning module ChaosSolverEditor (496)
[2023.02.07-10.18.25:186][  0]LogModuleManager: Shutting down and abandoning module TemplateSequence (494)
[2023.02.07-10.18.25:186][  0]LogModuleManager: Shutting down and abandoning module ChaosNiagara (492)
[2023.02.07-10.18.25:186][  0]LogModuleManager: Shutting down and abandoning module FractureEditor (490)
[2023.02.07-10.18.25:186][  0]LogModuleManager: Shutting down and abandoning module FieldSystemEngine (489)
[2023.02.07-10.18.25:186][  0]LogModuleManager: Shutting down and abandoning module ChaosClothEditor (486)
[2023.02.07-10.18.25:186][  0]LogModuleManager: Shutting down and abandoning module AutomationUtilsEditor (484)
[2023.02.07-10.18.25:186][  0]LogModuleManager: Shutting down and abandoning module AutomationUtils (482)
[2023.02.07-10.18.25:186][  0]LogModuleManager: Shutting down and abandoning module MagicLeapSharedWorld (480)
[2023.02.07-10.18.25:186][  0]LogModuleManager: Shutting down and abandoning module AlembicImporter (478)
[2023.02.07-10.18.25:186][  0]LogModuleManager: Shutting down and abandoning module AlembicLibrary (477)
[2023.02.07-10.18.25:186][  0]LogModuleManager: Shutting down and abandoning module GeometryCache (476)
[2023.02.07-10.18.25:186][  0]LogModuleManager: Shutting down and abandoning module GeometryCacheEd (475)
[2023.02.07-10.18.25:186][  0]LogModuleManager: Shutting down and abandoning module MagicLeapLightEstimation (470)
[2023.02.07-10.18.25:186][  0]LogModuleManager: Shutting down and abandoning module MagicLeapHelperVulkan (468)
[2023.02.07-10.18.25:186][  0]LogModuleManager: Shutting down and abandoning module MagicLeapHelperOpenGL (466)
[2023.02.07-10.18.25:186][  0]LogModuleManager: Shutting down and abandoning module MagicLeapAudio (464)
[2023.02.07-10.18.25:186][  0]LogModuleManager: Shutting down and abandoning module MediaCompositing (462)
[2023.02.07-10.18.25:186][  0]LogModuleManager: Shutting down and abandoning module VariantManagerContentEditor (460)
[2023.02.07-10.18.25:186][  0]LogModuleManager: Shutting down and abandoning module DatasmithContentEditor (458)
[2023.02.07-10.18.25:186][  0]LogModuleManager: Shutting down and abandoning module NiagaraEditorWidgets (456)
[2023.02.07-10.18.25:186][  0]LogModuleManager: Shutting down and abandoning module VisualStudioSourceCodeAccess (454)
[2023.02.07-10.18.25:186][  0]LogModuleManager: Shutting down and abandoning module VisualStudioCodeSourceCodeAccess (452)
[2023.02.07-10.18.25:186][  0]LogModuleManager: Shutting down and abandoning module UObjectPlugin (450)
[2023.02.07-10.18.25:186][  0]LogModuleManager: Shutting down and abandoning module SubversionSourceControl (448)
[2023.02.07-10.18.25:186][  0]LogModuleManager: Shutting down and abandoning module PerforceSourceControl (446)
[2023.02.07-10.18.25:186][  0]LogModuleManager: Shutting down and abandoning module PluginUtils (444)
[2023.02.07-10.18.25:186][  0]LogModuleManager: Shutting down and abandoning module PlasticSourceControl (442)
[2023.02.07-10.18.25:187][  0]LogModuleManager: Shutting down and abandoning module GitSourceControl (440)
[2023.02.07-10.18.25:187][  0]LogModuleManager: Shutting down and abandoning module SourceControl (439)
[2023.02.07-10.18.25:187][  0]LogModuleManager: Shutting down and abandoning module CLionSourceCodeAccess (436)
[2023.02.07-10.18.25:187][  0]LogModuleManager: Shutting down and abandoning module SpeedTreeImporter (434)
[2023.02.07-10.18.25:187][  0]LogModuleManager: Shutting down and abandoning module AnimationSharingEd (432)
[2023.02.07-10.18.25:187][  0]LogModuleManager: Shutting down and abandoning module PluginBrowser (430)
[2023.02.07-10.18.25:187][  0]LogModuleManager: Shutting down and abandoning module MobileLauncherProfileWizard (428)
[2023.02.07-10.18.25:187][  0]LogModuleManager: Shutting down and abandoning module MaterialAnalyzer (426)
[2023.02.07-10.18.25:187][  0]LogModuleManager: Shutting down and abandoning module CryptoKeysOpenSSL (424)
[2023.02.07-10.18.25:187][  0]LogModuleManager: Shutting down and abandoning module CryptoKeys (422)
[2023.02.07-10.18.25:187][  0]LogModuleManager: Shutting down and abandoning module OodleNetworkHandlerComponent (420)
[2023.02.07-10.18.25:187][  0]LogModuleManager: Shutting down and abandoning module CurveEditorTools (418)
[2023.02.07-10.18.25:187][  0]LogModuleManager: Shutting down and abandoning module LightPropagationVolumeEditor (416)
[2023.02.07-10.18.25:187][  0]LogModuleManager: Shutting down and abandoning module LiveLinkSequencer (414)
[2023.02.07-10.18.25:187][  0]LogModuleManager: Shutting down and abandoning module LiveLinkMovieScene (412)
[2023.02.07-10.18.25:187][  0]LogModuleManager: Shutting down and abandoning module LiveLinkGraphNode (410)
[2023.02.07-10.18.25:187][  0]LogModuleManager: Shutting down and abandoning module LiveLinkEditor (408)
[2023.02.07-10.18.25:187][  0]LogModuleManager: Shutting down and abandoning module LiveLinkComponents (406)
[2023.02.07-10.18.25:187][  0]LogModuleManager: Shutting down and abandoning module LiveLink (404)
[2023.02.07-10.18.25:804][  0]LogModuleManager: Shutting down and abandoning module PaperTiledImporter (402)
[2023.02.07-10.18.25:804][  0]LogModuleManager: Shutting down and abandoning module PaperSpriteSheetImporter (400)
[2023.02.07-10.18.25:804][  0]LogModuleManager: Shutting down and abandoning module Paper2DEditor (398)
[2023.02.07-10.18.25:804][  0]LogModuleManager: Shutting down and abandoning module MeshPaintingToolset (396)
[2023.02.07-10.18.25:804][  0]LogModuleManager: Shutting down and abandoning module MeshPaintEditorMode (394)
[2023.02.07-10.18.25:804][  0]LogModuleManager: Shutting down and abandoning module ChallengeProject (392)
[2023.02.07-10.18.25:804][  0]LogModuleManager: Shutting down and abandoning module RuntimePhysXCooking (390)
[2023.02.07-10.18.25:804][  0]LogModuleManager: Shutting down and abandoning module SoundFields (388)
[2023.02.07-10.18.25:804][  0]LogModuleManager: Shutting down and abandoning module SignificanceManager (386)
[2023.02.07-10.18.25:804][  0]LogModuleManager: Shutting down and abandoning module PropertyAccessEditor (384)
[2023.02.07-10.18.25:804][  0]LogModuleManager: Shutting down and abandoning module PhysXVehiclesEditor (382)
[2023.02.07-10.18.25:804][  0]LogModuleManager: Shutting down and abandoning module LocationServicesBPLibrary (378)
[2023.02.07-10.18.25:804][  0]LogModuleManager: Shutting down and abandoning module AudioSynesthesia (376)
[2023.02.07-10.18.25:804][  0]LogModuleManager: Shutting down and abandoning module AudioSynesthesiaCore (374)
[2023.02.07-10.18.25:804][  0]LogModuleManager: Shutting down and abandoning module PythonScriptPlugin (372)
[2023.02.07-10.18.25:804][  0]LogModuleManager: Shutting down and abandoning module MagicLeapARPin (370)
[2023.02.07-10.18.25:804][  0]LogModuleManager: Shutting down and abandoning module ActorSequence (368)
[2023.02.07-10.18.25:804][  0]LogModuleManager: Shutting down and abandoning module MagicLeapHandMeshing (366)
[2023.02.07-10.18.25:804][  0]LogModuleManager: Shutting down and abandoning module MagicLeapSecureStorage (364)
[2023.02.07-10.18.25:804][  0]LogModuleManager: Shutting down and abandoning module MagicLeapPrivileges (362)
[2023.02.07-10.18.25:804][  0]LogModuleManager: Shutting down and abandoning module MagicLeapPlanes (360)
[2023.02.07-10.18.25:804][  0]LogModuleManager: Shutting down and abandoning module MagicLeapImageTracker (358)
[2023.02.07-10.18.25:804][  0]LogModuleManager: Shutting down and abandoning module MagicLeapIdentity (356)
[2023.02.07-10.18.25:804][  0]LogModuleManager: Shutting down and abandoning module MagicLeapHandTracking (354)
[2023.02.07-10.18.25:805][  0]LogModuleManager: Shutting down and abandoning module MagicLeapEyeTracker (352)
[2023.02.07-10.18.25:805][  0]LogModuleManager: Shutting down and abandoning module MagicLeapController (350)
[2023.02.07-10.18.25:805][  0]LogModuleManager: Shutting down and abandoning module MagicLeapARPinImpl (348)
[2023.02.07-10.18.25:805][  0]LogModuleManager: Shutting down and abandoning module MagicLeapAR (346)
[2023.02.07-10.18.25:805][  0]LogModuleManager: Shutting down and abandoning module UdpMessaging (344)
[2023.02.07-10.18.25:805][  0]LogModuleManager: Shutting down and abandoning module TcpMessaging (342)
[2023.02.07-10.18.25:805][  0]LogModuleManager: Shutting down and abandoning module NiagaraAnimNotifies (340)
[2023.02.07-10.18.25:805][  0]LogModuleManager: Shutting down and abandoning module Niagara (338)
[2023.02.07-10.18.25:805][  0]LogModuleManager: Shutting down and abandoning module SignalProcessing (337)
[2023.02.07-10.18.25:805][  0]LogModuleManager: Shutting down and abandoning module NiagaraEditor (335)
[2023.02.07-10.18.25:805][  0]LogModuleManager: Shutting down and abandoning module NiagaraCore (332)
[2023.02.07-10.18.25:805][  0]LogModuleManager: Shutting down and abandoning module PropertyAccessNode (330)
[2023.02.07-10.18.25:805][  0]LogModuleManager: Shutting down and abandoning module AnimationSharing (328)
[2023.02.07-10.18.25:805][  0]LogModuleManager: Shutting down and abandoning module GameplayTagsEditor (326)
[2023.02.07-10.18.25:805][  0]LogModuleManager: Shutting down and abandoning module FacialAnimationEditor (324)
[2023.02.07-10.18.25:805][  0]LogModuleManager: Shutting down and abandoning module FacialAnimation (322)
[2023.02.07-10.18.25:805][  0]LogModuleManager: Shutting down and abandoning module DataValidation (320)
[2023.02.07-10.18.25:805][  0]LogModuleManager: Shutting down and abandoning module AssetManagerEditor (318)
[2023.02.07-10.18.25:805][  0]LogModuleManager: Shutting down and abandoning module TreeMap (317)
[2023.02.07-10.18.25:805][  0]LogModuleManager: Shutting down and abandoning module GameplayCameras (314)
[2023.02.07-10.18.25:805][  0]LogModuleManager: Shutting down and abandoning module EnvironmentQueryEditor (312)
[2023.02.07-10.18.25:805][  0]LogModuleManager: Shutting down and abandoning module LightPropagationVolumeRuntime (310)
[2023.02.07-10.18.25:805][  0]LogModuleManager: Shutting down and abandoning module Paper2D (308)
[2023.02.07-10.18.25:805][  0]LogModuleManager: Shutting down and abandoning module NetworkReplayStreaming (306)
[2023.02.07-10.18.25:805][  0]LogModuleManager: Shutting down and abandoning module PacketHandler (304)
[2023.02.07-10.18.25:805][  0]LogModuleManager: Shutting down and abandoning module ClothingSystemEditor (302)
[2023.02.07-10.18.25:805][  0]LogModuleManager: Shutting down and abandoning module ClothingSystemRuntimeNv (300)
[2023.02.07-10.18.25:805][  0]LogModuleManager: Shutting down and abandoning module MediaAssets (298)
[2023.02.07-10.18.25:805][  0]LogModuleManager: Shutting down and abandoning module Overlay (296)
[2023.02.07-10.18.25:805][  0]LogModuleManager: Shutting down and abandoning module OverlayEditor (295)
[2023.02.07-10.18.25:805][  0]LogModuleManager: Shutting down and abandoning module Blutility (292)
[2023.02.07-10.18.25:805][  0]LogModuleManager: Shutting down and abandoning module LevelEditor (291)
[2023.02.07-10.18.25:806][  0]LogModuleManager: Shutting down and abandoning module PixelInspectorModule (290)
[2023.02.07-10.18.25:806][  0]LogModuleManager: Shutting down and abandoning module CommonMenuExtensions (288)
[2023.02.07-10.18.25:806][  0]LogModuleManager: Shutting down and abandoning module MainFrame (286)
[2023.02.07-10.18.25:806][  0]LogModuleManager: Shutting down and abandoning module HotReload (285)
[2023.02.07-10.18.25:806][  0]LogModuleManager: Shutting down and abandoning module ContentBrowser (281)
[2023.02.07-10.18.25:806][  0]LogModuleManager: Shutting down and abandoning module CollectionManager (280)
[2023.02.07-10.18.25:806][  0]LogModuleManager: Shutting down and abandoning module ContentBrowserData (278)
[2023.02.07-10.18.25:806][  0]LogModuleManager: Shutting down and abandoning module IntroTutorials (274)
[2023.02.07-10.18.25:806][  0]LogModuleManager: Shutting down and abandoning module VREditor (272)
[2023.02.07-10.18.25:806][  0]LogModuleManager: Shutting down and abandoning module StringTableEditor (270)
[2023.02.07-10.18.25:806][  0]LogModuleManager: Shutting down and abandoning module GameplayTasksEditor (268)
[2023.02.07-10.18.25:806][  0]LogModuleManager: Shutting down and abandoning module BehaviorTreeEditor (266)
[2023.02.07-10.18.25:806][  0]LogModuleManager: Shutting down and abandoning module FunctionalTesting (264)
[2023.02.07-10.18.25:806][  0]LogModuleManager: Shutting down and abandoning module CollisionAnalyzer (262)
[2023.02.07-10.18.25:806][  0]LogModuleManager: Shutting down and abandoning module WorkspaceMenuStructure (261)
[2023.02.07-10.18.25:806][  0]LogModuleManager: Shutting down and abandoning module UMG (258)
[2023.02.07-10.18.25:806][  0]LogModuleManager: Shutting down and abandoning module UMGEditor (257)
[2023.02.07-10.18.25:806][  0]LogModuleManager: Shutting down and abandoning module MessageLog (255)
[2023.02.07-10.18.25:806][  0]LogModuleManager: Shutting down and abandoning module SlateReflector (250)
[2023.02.07-10.18.25:806][  0]LogModuleManager: Shutting down and abandoning module Slate (248)
[2023.02.07-10.18.25:806][  0]LogModuleManager: Shutting down and abandoning module SlateCore (246)
[2023.02.07-10.18.25:807][  0]LogModuleManager: Shutting down and abandoning module LandscapeEditorUtilities (244)
[2023.02.07-10.18.25:807][  0]LogModuleManager: Shutting down and abandoning module UnrealEd (242)
[2023.02.07-10.18.25:807][  0]LogModuleManager: Shutting down and abandoning module MRMesh (240)
[2023.02.07-10.18.25:807][  0]LogModuleManager: Shutting down and abandoning module SourceCodeAccess (238)
[2023.02.07-10.18.25:807][  0]LogModuleManager: Shutting down and abandoning module HeadMountedDisplay (236)
[2023.02.07-10.18.25:807][  0]LogModuleManager: Shutting down and abandoning module XAudio2 (234)
[2023.02.07-10.18.25:807][  0]LogModuleManager: Shutting down and abandoning module Networking (232)
[2023.02.07-10.18.25:807][  0]LogModuleManager: Shutting down and abandoning module Core (230)
[2023.02.07-10.18.25:807][  0]LogModuleManager: Shutting down and abandoning module MaterialEditor (228)
[2023.02.07-10.18.25:807][  0]LogModuleManager: Shutting down and abandoning module Settings (227)
[2023.02.07-10.18.25:807][  0]LogModuleManager: Shutting down and abandoning module MovieSceneTools (224)
[2023.02.07-10.18.25:807][  0]LogModuleManager: Shutting down and abandoning module CurveEditor (223)
[2023.02.07-10.18.25:807][  0]LogModuleManager: Shutting down and abandoning module Sequencer (221)
[2023.02.07-10.18.25:807][  0]LogModuleManager: Shutting down and abandoning module EditorStyle (220)
[2023.02.07-10.18.25:808][  0]LogModuleManager: Shutting down and abandoning module KismetCompiler (216)
[2023.02.07-10.18.25:808][  0]LogModuleManager: Shutting down and abandoning module MeshBuilder (214)
[2023.02.07-10.18.25:808][  0]LogModuleManager: Shutting down and abandoning module MeshUtilities (212)
[2023.02.07-10.18.25:808][  0]LogModuleManager: Shutting down and abandoning module MeshMergeUtilities (211)
[2023.02.07-10.18.25:808][  0]LogModuleManager: Shutting down and abandoning module MeshReductionInterface (210)
[2023.02.07-10.18.25:808][  0]LogModuleManager: Shutting down and abandoning module MeshBoneReduction (209)
[2023.02.07-10.18.25:808][  0]LogModuleManager: Shutting down and abandoning module SkeletalMeshReduction (207)
[2023.02.07-10.18.25:808][  0]LogModuleManager: Shutting down and abandoning module ProxyLODMeshReduction (205)
[2023.02.07-10.18.25:808][  0]LogModuleManager: Shutting down and abandoning module QuadricMeshReduction (203)
[2023.02.07-10.18.25:808][  0]LogModuleManager: Shutting down and abandoning module MaterialBaking (199)
[2023.02.07-10.18.25:808][  0]LogModuleManager: Shutting down and abandoning module DirectoryWatcher (195)
[2023.02.07-10.18.25:808][  0]LogModuleManager: Shutting down and abandoning module NullInstallBundleManager (192)
[2023.02.07-10.18.25:808][  0]LogModuleManager: Shutting down and abandoning module DerivedDataCache (190)
[2023.02.07-10.18.25:808][  0]LogModuleManager: Shutting down and abandoning module TargetPlatform (188)
[2023.02.07-10.18.25:808][  0]LogModuleManager: Shutting down and abandoning module VulkanShaderFormat (187)
[2023.02.07-10.18.25:809][  0]LogModuleManager: Shutting down and abandoning module ShaderFormatVectorVM (185)
[2023.02.07-10.18.25:809][  0]LogModuleManager: Shutting down and abandoning module ShaderFormatOpenGL (183)
[2023.02.07-10.18.25:809][  0]LogModuleManager: Shutting down and abandoning module ShaderFormatD3D (181)
[2023.02.07-10.18.25:809][  0]LogModuleManager: Shutting down and abandoning module MetalShaderFormat (179)
[2023.02.07-10.18.25:809][  0]LogModuleManager: Shutting down and abandoning module TextureFormatOodle (177)
[2023.02.07-10.18.25:809][  0]LogModuleManager: Shutting down and abandoning module TextureFormatUncompressed (175)
[2023.02.07-10.18.25:809][  0]LogModuleManager: Shutting down and abandoning module TextureFormatPVR (173)
[2023.02.07-10.18.25:809][  0]LogModuleManager: Shutting down and abandoning module TextureFormatETC2 (171)
[2023.02.07-10.18.25:809][  0]LogModuleManager: Shutting down and abandoning module TextureFormatDXT (169)
[2023.02.07-10.18.25:809][  0]LogModuleManager: Shutting down and abandoning module TextureFormatIntelISPCTexComp (167)
[2023.02.07-10.18.25:809][  0]LogModuleManager: Shutting down and abandoning module TextureFormatASTC (165)
[2023.02.07-10.18.25:809][  0]LogModuleManager: Shutting down and abandoning module ImageWrapper (164)
[2023.02.07-10.18.25:809][  0]LogModuleManager: Shutting down and abandoning module AudioFormatOpus (161)
[2023.02.07-10.18.25:809][  0]LogModuleManager: Shutting down and abandoning module AudioFormatOgg (159)
[2023.02.07-10.18.25:809][  0]LogModuleManager: Shutting down and abandoning module AudioFormatADPCM (157)
[2023.02.07-10.18.25:809][  0]LogModuleManager: Shutting down and abandoning module WindowsServerTargetPlatform (155)
[2023.02.07-10.18.25:809][  0]LogModuleManager: Shutting down and abandoning module WindowsClientTargetPlatform (153)
[2023.02.07-10.18.25:809][  0]LogModuleManager: Shutting down and abandoning module WindowsTargetPlatform (151)
[2023.02.07-10.18.25:809][  0]LogModuleManager: Shutting down and abandoning module WindowsNoEditorTargetPlatform (149)
[2023.02.07-10.18.25:809][  0]LogModuleManager: Shutting down and abandoning module TVOSTargetPlatform (147)
[2023.02.07-10.18.25:809][  0]LogModuleManager: Shutting down and abandoning module MacServerTargetPlatform (145)
[2023.02.07-10.18.25:809][  0]LogModuleManager: Shutting down and abandoning module MacClientTargetPlatform (143)
[2023.02.07-10.18.25:809][  0]LogModuleManager: Shutting down and abandoning module MacTargetPlatform (141)
[2023.02.07-10.18.25:809][  0]LogModuleManager: Shutting down and abandoning module MacNoEditorTargetPlatform (139)
[2023.02.07-10.18.25:809][  0]LogModuleManager: Shutting down and abandoning module LuminTargetPlatform (137)
[2023.02.07-10.18.25:810][  0]LogModuleManager: Shutting down and abandoning module Messaging (135)
[2023.02.07-10.18.25:810][  0]LogModuleManager: Shutting down and abandoning module IOSTargetPlatform (133)
[2023.02.07-10.18.25:810][  0]LogModuleManager: Shutting down and abandoning module AndroidTargetPlatform (131)
[2023.02.07-10.18.25:813][  0]LogModuleManager: Shutting down and abandoning module AllDesktopTargetPlatform (129)
[2023.02.07-10.18.25:813][  0]LogModuleManager: Shutting down and abandoning module NullDrv (126)
[2023.02.07-10.18.25:813][  0]LogModuleManager: Shutting down and abandoning module PhysXCooking (124)
[2023.02.07-10.18.25:813][  0]LogModuleManager: Shutting down and abandoning module Chaos (122)
[2023.02.07-10.18.25:813][  0]LogModuleManager: Shutting down and abandoning module WindowsPlatformFeatures (120)
[2023.02.07-10.18.25:813][  0]LogModuleManager: Shutting down and abandoning module GameplayMediaEncoder (119)
[2023.02.07-10.18.25:813][  0]LogModuleManager: Shutting down and abandoning module AVEncoder (118)
[2023.02.07-10.18.25:813][  0]LogModuleManager: Shutting down and abandoning module ExampleDeviceProfileSelector (114)
[2023.02.07-10.18.25:813][  0]LogModuleManager: Shutting down and abandoning module SteamVRInputDevice (112)
[2023.02.07-10.18.25:813][  0]LogModuleManager: Shutting down and abandoning module SteamVRInput (110)
[2023.02.07-10.18.25:813][  0]LogModuleManager: Shutting down and abandoning module SteamVR (108)
[2023.02.07-10.18.25:813][  0]LogHMD: Freeing OpenVRDLLHandle.
[2023.02.07-10.18.25:813][  0]LogModuleManager: Shutting down and abandoning module OculusHMD (106)
[2023.02.07-10.18.25:813][  0]LogModuleManager: Shutting down and abandoning module OpenXRHandTracking (104)
[2023.02.07-10.18.25:813][  0]LogModuleManager: Shutting down and abandoning module OpenXREyeTracker (102)
[2023.02.07-10.18.25:813][  0]LogModuleManager: Shutting down and abandoning module OpenXRAR (100)
[2023.02.07-10.18.25:813][  0]LogModuleManager: Shutting down and abandoning module AugmentedReality (99)
[2023.02.07-10.18.25:813][  0]LogModuleManager: Shutting down and abandoning module OpenXRHMD (96)
[2023.02.07-10.18.25:813][  0]LogModuleManager: Shutting down and abandoning module ChunkDownloader (94)
[2023.02.07-10.18.25:813][  0]LogModuleManager: Shutting down and abandoning module OnlineBlueprintSupport (92)
[2023.02.07-10.18.25:813][  0]LogModuleManager: Shutting down and abandoning module OnlineSubsystem (88)
[2023.02.07-10.18.25:814][  0]LogModuleManager: Shutting down and abandoning module XMPP (83)
[2023.02.07-10.18.25:814][  0]LogModuleManager: Shutting down and abandoning module WebSockets (82)
[2023.02.07-10.18.25:815][  0]LogModuleManager: Shutting down and abandoning module HTTP (79)
[2023.02.07-10.18.25:815][  0]LogHttp: Display: cleaning up 0 outstanding Http requests.
[2023.02.07-10.18.25:849][  0]LogModuleManager: Shutting down and abandoning module SSL (78)
[2023.02.07-10.18.25:850][  0]LogModuleManager: Shutting down and abandoning module LauncherChunkInstaller (74)
[2023.02.07-10.18.25:850][  0]LogModuleManager: Shutting down and abandoning module ChaosCloth (72)
[2023.02.07-10.18.25:850][  0]LogModuleManager: Shutting down and abandoning module MLSDK (70)
[2023.02.07-10.18.25:850][  0]LogModuleManager: Shutting down and abandoning module MagicLeap (68)
[2023.02.07-10.18.25:850][  0]LogModuleManager: Shutting down and abandoning module WmfMedia (66)
[2023.02.07-10.18.25:850][  0]LogModuleManager: Shutting down and abandoning module Media (65)
[2023.02.07-10.18.25:851][  0]LogModuleManager: Shutting down and abandoning module MediaInfo (64)
[2023.02.07-10.18.25:851][  0]LogModuleManager: Shutting down and abandoning module ExrReaderGpu (60)
[2023.02.07-10.18.25:851][  0]LogModuleManager: Shutting down and abandoning module VariantManagerContent (58)
[2023.02.07-10.18.25:851][  0]LogModuleManager: Shutting down and abandoning module DatasmithContent (56)
[2023.02.07-10.18.25:851][  0]LogModuleManager: Shutting down and abandoning module NiagaraVertexFactories (54)
[2023.02.07-10.18.25:851][  0]LogModuleManager: Shutting down and abandoning module NiagaraShader (52)
[2023.02.07-10.18.25:851][  0]LogModuleManager: Shutting down and abandoning module PixWinPlugin (50)
[2023.02.07-10.18.25:851][  0]LogModuleManager: Shutting down and abandoning module AISupportModule (48)
[2023.02.07-10.18.25:851][  0]LogModuleManager: Shutting down and abandoning module PythonScriptPluginPreload (46)
[2023.02.07-10.18.25:851][  0]LogModuleManager: Shutting down and abandoning module PlatformCryptoOpenSSL (44)
[2023.02.07-10.18.25:851][  0]LogModuleManager: Shutting down and abandoning module PlatformCryptoTypes (42)
[2023.02.07-10.18.25:851][  0]LogModuleManager: Shutting down and abandoning module PlatformCrypto (40)
[2023.02.07-10.18.25:851][  0]LogModuleManager: Shutting down and abandoning module OodleDataCompressionFormat (38)
[2023.02.07-10.18.25:851][  0]LogModuleManager: Shutting down and abandoning module XGEController (36)
[2023.02.07-10.18.25:851][  0]LogXGEController: Cannot use XGE Controller as Incredibuild is not installed on this machine.
[2023.02.07-10.18.25:851][  0]LogModuleManager: Shutting down and abandoning module AnimationModifiers (34)
[2023.02.07-10.18.25:851][  0]LogModuleManager: Shutting down and abandoning module AudioEditor (32)
[2023.02.07-10.18.25:851][  0]LogModuleManager: Shutting down and abandoning module PropertyEditor (31)
[2023.02.07-10.18.25:851][  0]LogModuleManager: Shutting down and abandoning module TextureCompressor (28)
[2023.02.07-10.18.25:851][  0]LogModuleManager: Shutting down and abandoning module RenderCore (26)
[2023.02.07-10.18.25:851][  0]LogModuleManager: Shutting down and abandoning module Landscape (24)
[2023.02.07-10.18.25:851][  0]LogModuleManager: Shutting down and abandoning module SlateRHIRenderer (22)
[2023.02.07-10.18.25:851][  0]LogModuleManager: Shutting down and abandoning module AnimGraphRuntime (20)
[2023.02.07-10.18.25:851][  0]LogModuleManager: Shutting down and abandoning module Renderer (18)
[2023.02.07-10.18.25:851][  0]LogModuleManager: Shutting down and abandoning module Engine (16)
[2023.02.07-10.18.25:851][  0]LogModuleManager: Shutting down and abandoning module CoreUObject (14)
[2023.02.07-10.18.25:851][  0]LogModuleManager: Shutting down and abandoning module NetworkFile (12)
[2023.02.07-10.18.25:851][  0]LogModuleManager: Shutting down and abandoning module CookedIterativeFile (10)
[2023.02.07-10.18.25:851][  0]LogModuleManager: Shutting down and abandoning module StreamingFile (8)
[2023.02.07-10.18.25:851][  0]LogModuleManager: Shutting down and abandoning module SandboxFile (6)
[2023.02.07-10.18.25:851][  0]LogModuleManager: Shutting down and abandoning module PakFile (4)
[2023.02.07-10.18.25:851][  0]LogModuleManager: Shutting down and abandoning module RSA (3)
[2023.02.07-10.18.26:241][  0]LogContentStreaming: Display: There are 1 unreleased StreamingManagers
[2023.02.07-10.18.26:250][  0]LogExit: Exiting.
[2023.02.07-10.18.26:263][  0]Log file closed, 02/07/23 17:18:26
